2026-03-07T21:11:02 exception: Failed to open "/Users/matt/.mpd/mpdstate": No such file or directory
2026-03-07T21:11:02 config: inotify: auto_update was disabled. enable during compilation phase
2026-03-07T21:11:02 update: added Агата_Кристи/2004 - Триллер. Часть 1 (2008 Переиздание)/13 - Звездочёт (Depressive Robot Version 2006).mp3
2026-03-07T21:11:02 update: added Агата_Кристи/2004 - Триллер. Часть 1 (2008 Переиздание)/06 - Kill Love.mp3
2026-03-07T21:11:02 update: added Агата_Кристи/2004 - Триллер. Часть 1 (2008 Переиздание)/01 - Кто украл мою звезду.mp3
2026-03-07T21:11:02 update: added Агата_Кристи/2004 - Триллер. Часть 1 (2008 Переиздание)/02 - Немного земли.mp3
2026-03-07T21:11:02 update: added Агата_Кристи/2004 - Триллер. Часть 1 (2008 Переиздание)/10 - Пока-пока.mp3
2026-03-07T21:11:02 update: added Агата_Кристи/2004 - Триллер. Часть 1 (2008 Переиздание)/07 - Днём и ночью.mp3
2026-03-07T21:11:02 update: added Агата_Кристи/2004 - Триллер. Часть 1 (2008 Переиздание)/11 - Звездочёт.mp3
2026-03-07T21:11:02 update: added Агата_Кристи/2004 - Триллер. Часть 1 (2008 Переиздание)/03 - В интересах революции.mp3
2026-03-07T21:11:02 update: added Агата_Кристи/2004 - Триллер. Часть 1 (2008 Переиздание)/08 - Садо-мазо.mp3
2026-03-07T21:11:02 update: added Агата_Кристи/2004 - Триллер. Часть 1 (2008 Переиздание)/09 - Порвали мечту.mp3
2026-03-07T21:11:02 update: added Агата_Кристи/2004 - Триллер. Часть 1 (2008 Переиздание)/12 - Весёлый мир.mp3
2026-03-07T21:11:02 update: added Агата_Кристи/2004 - Триллер. Часть 1 (2008 Переиздание)/04 - Триллер.mp3
2026-03-07T21:11:02 update: added Агата_Кристи/2004 - Триллер. Часть 1 (2008 Переиздание)/05 - Любовь идёт на дело.mp3
2026-03-07T21:11:02 update: added Агата_Кристи/1998 - Два кораblya (Remixed 2) (2008 Переиздание)/05 - Легион (Knocking Heads Eclectica Mix).mp3
2026-03-07T21:11:02 update: added Агата_Кристи/1998 - Два кораblya (Remixed 2) (2008 Переиздание)/08 - Розовый бинт (Half Of E Eclectica Mix).mp3
2026-03-07T21:11:02 update: added Агата_Кристи/1998 - Два кораblya (Remixed 2) (2008 Переиздание)/02 - Моряк (Cutthroat Island Eclectica Mix).mp3
2026-03-07T21:11:02 update: added Агата_Кристи/1998 - Два кораblya (Remixed 2) (2008 Переиздание)/04 - Извращение (Sixth Of October Eclectica Mix).mp3
2026-03-07T21:11:02 update: added Агата_Кристи/1998 - Два кораblya (Remixed 2) (2008 Переиздание)/09 - Ураган (Gleb's Personal Eclectica Mix).mp3
2026-03-07T21:11:02 update: added Агата_Кристи/1998 - Два кораblya (Remixed 2) (2008 Переиздание)/06 - Корвет уходит в небеса (Crazy Tale Eclectica Mix).mp3
2026-03-07T21:11:02 update: added Агата_Кристи/1998 - Два кораblya (Remixed 2) (2008 Переиздание)/10 - Два корабля (Sick Navigator Eclectica Mix).mp3
2026-03-07T21:11:02 update: added Агата_Кристи/1998 - Два кораblya (Remixed 2) (2008 Переиздание)/07 - Аусвайс на небо (Eclectica Featuring Mechanica Mix).mp3
2026-03-07T21:11:02 update: added Агата_Кристи/1998 - Два кораblya (Remixed 2) (2008 Переиздание)/01 - Два корабля (Proforvater Eclectica Mix).mp3
2026-03-07T21:11:02 update: added Агата_Кристи/1998 - Два кораblya (Remixed 2) (2008 Переиздание)/03 - Грязь (I Love Frank Farrian Eclectica Mix).mp3
2026-03-07T21:11:02 update: added Агата_Кристи/1998 - Чудеса (2008 Переиздание)/03 - Ковёр-вертолёт.mp3
2026-03-07T21:11:02 update: added Агата_Кристи/1998 - Чудеса (2008 Переиздание)/04 - Чудеса.mp3
2026-03-07T21:11:02 update: added Агата_Кристи/1998 - Чудеса (2008 Переиздание)/09 - Навеселе.mp3
2026-03-07T21:11:02 update: added Агата_Кристи/1998 - Чудеса (2008 Переиздание)/05 - Глюки.mp3
2026-03-07T21:11:02 update: added Агата_Кристи/1998 - Чудеса (2008 Переиздание)/02 - Дорога паука.mp3
2026-03-07T21:11:02 update: added Агата_Кристи/1998 - Чудеса (2008 Переиздание)/14 - Я вернусь.mp3
2026-03-07T21:11:02 update: added Агата_Кристи/1998 - Чудеса (2008 Переиздание)/13 - Они летят.mp3
2026-03-07T21:11:02 update: added Агата_Кристи/1998 - Чудеса (2008 Переиздание)/01 - Сны.mp3
2026-03-07T21:11:02 update: added Агата_Кристи/1998 - Чудеса (2008 Переиздание)/06 - Серый траур.mp3
2026-03-07T21:11:02 update: added Агата_Кристи/1998 - Чудеса (2008 Переиздание)/12 - Споёмте о сексе.mp3
2026-03-07T21:11:02 update: added Агата_Кристи/1998 - Чудеса (2008 Переиздание)/11 - Огоньки.mp3
2026-03-07T21:11:02 update: added Агата_Кристи/1998 - Чудеса (2008 Переиздание)/07 - Крошка.mp3
2026-03-07T21:11:02 update: added Агата_Кристи/1998 - Чудеса (2008 Переиздание)/10 - Вервольф.mp3
2026-03-07T21:11:02 update: added Агата_Кристи/1998 - Чудеса (2008 Переиздание)/08 - Полетаем.mp3
2026-03-07T21:11:02 update: added Агата_Кристи/1989 - Коварство и любовь (2008 Переиздание)/07 - Собачье сердце.mp3
2026-03-07T21:11:02 update: added Агата_Кристи/1989 - Коварство и любовь (2008 Переиздание)/09 - Канкан.mp3
2026-03-07T21:11:02 update: added Агата_Кристи/1989 - Коварство и любовь (2008 Переиздание)/06 - Праздник семьи.mp3
2026-03-07T21:11:02 update: added Агата_Кристи/1989 - Коварство и любовь (2008 Переиздание)/13 - Viva!.mp3
2026-03-07T21:11:02 update: added Агата_Кристи/1989 - Коварство и любовь (2008 Переиздание)/08 - Аллергия.mp3
2026-03-07T21:11:02 update: added Агата_Кристи/1989 - Коварство и любовь (2008 Переиздание)/04 - Сытая свинья.mp3
2026-03-07T21:11:02 update: added Агата_Кристи/1989 - Коварство и любовь (2008 Переиздание)/05 - Танго с дельтапланом.mp3
2026-03-07T21:11:02 update: added Агата_Кристи/1989 - Коварство и любовь (2008 Переиздание)/02 - Viva Kalman!.mp3
2026-03-07T21:11:02 update: added Агата_Кристи/1989 - Коварство и любовь (2008 Переиздание)/01 - Инспектор По....mp3
2026-03-07T21:11:02 update: added Агата_Кристи/1989 - Коварство и любовь (2008 Переиздание)/14 - Бесса мэ...mp3
2026-03-07T21:11:02 update: added Агата_Кристи/1989 - Коварство и любовь (2008 Переиздание)/03 - Африканка.mp3
2026-03-07T21:11:02 update: added Агата_Кристи/1989 - Коварство и любовь (2008 Переиздание)/10 - Холодная любовь.mp3
2026-03-07T21:11:03 update: added Агата_Кристи/1989 - Коварство и любовь (2008 Переиздание)/12 - Кондуктор.mp3
2026-03-07T21:11:03 update: added Агата_Кристи/1989 - Коварство и любовь (2008 Переиздание)/11 - Пантера.mp3
2026-03-07T21:11:03 update: added Агата_Кристи/1994 - Опиум (2008 Переиздание)/03 - Абордаж.mp3
2026-03-07T21:11:03 update: added Агата_Кристи/1994 - Опиум (2008 Переиздание)/05 - Чёрная луна.mp3
2026-03-07T21:11:03 update: added Агата_Кристи/1994 - Опиум (2008 Переиздание)/01 - ХалиГалиКришна.mp3
2026-03-07T21:11:03 update: added Агата_Кристи/1994 - Опиум (2008 Переиздание)/11 - Опиум для никого.mp3
2026-03-07T21:11:03 update: added Агата_Кристи/1994 - Опиум (2008 Переиздание)/12 - Ни там ни тут.mp3
2026-03-07T21:11:03 update: added Агата_Кристи/1994 - Опиум (2008 Переиздание)/07 - Трансильвания.mp3
2026-03-07T21:11:03 update: added Агата_Кристи/1994 - Опиум (2008 Переиздание)/02 - Тоска без конца.mp3
2026-03-07T21:11:03 update: added Агата_Кристи/1994 - Опиум (2008 Переиздание)/13 - Дворник.mp3
2026-03-07T21:11:03 update: added Агата_Кристи/1994 - Опиум (2008 Переиздание)/04 - Вечная любовь.mp3
2026-03-07T21:11:03 update: added Агата_Кристи/1994 - Опиум (2008 Переиздание)/10 - Гетеросексуалист.mp3
2026-03-07T21:11:03 update: added Агата_Кристи/1994 - Опиум (2008 Переиздание)/08 - Насилие.mp3
2026-03-07T21:11:03 update: added Агата_Кристи/1994 - Опиум (2008 Переиздание)/06 - Сказочная тайга.mp3
2026-03-07T21:11:03 update: added Агата_Кристи/1994 - Опиум (2008 Переиздание)/09 - Ты и я.mp3
2026-03-07T21:11:03 update: added Агата_Кристи/1992 - Позорная звезда (2008 Переиздание)/05 - Истерика.mp3
2026-03-07T21:11:03 update: added Агата_Кристи/1992 - Позорная звезда (2008 Переиздание)/01 - Айлавью.mp3
2026-03-07T21:11:03 update: added Агата_Кристи/1992 - Позорная звезда (2008 Переиздание)/07 - Как на войне.mp3
2026-03-07T21:11:03 update: added Агата_Кристи/1992 - Позорная звезда (2008 Переиздание)/04 - Новый год.mp3
2026-03-07T21:11:03 update: added Агата_Кристи/1992 - Позорная звезда (2008 Переиздание)/09 - Джиги-дзаги.mp3
2026-03-07T21:11:03 update: added Агата_Кристи/1992 - Позорная звезда (2008 Переиздание)/06 - Вольно.mp3
2026-03-07T21:11:03 update: added Агата_Кристи/1992 - Позорная звезда (2008 Переиздание)/02 - Нисхождение.mp3
2026-03-07T21:11:03 update: added Агата_Кристи/1992 - Позорная звезда (2008 Переиздание)/10 - Позорная звезда.mp3
2026-03-07T21:11:03 update: added Агата_Кристи/1992 - Позорная звезда (2008 Переиздание)/11 - Я буду там.mp3
2026-03-07T21:11:03 update: added Агата_Кристи/1992 - Позорная звезда (2008 Переиздание)/03 - Сирота.mp3
2026-03-07T21:11:03 update: added Агата_Кристи/1992 - Позорная звезда (2008 Переиздание)/08 - Молитва.mp3
2026-03-07T21:11:03 update: added Агата_Кристи/1988 - Второй фронт (2008 Переиздание)/07 - Чёрные волки.mp3
2026-03-07T21:11:03 update: added Агата_Кристи/1988 - Второй фронт (2008 Переиздание)/03 - Пантера.mp3
2026-03-07T21:11:03 update: added Агата_Кристи/1988 - Второй фронт (2008 Переиздание)/06 - Коммунальный блюз.mp3
2026-03-07T21:11:03 update: added Агата_Кристи/1988 - Второй фронт (2008 Переиздание)/04 - Неживая вода.mp3
2026-03-07T21:11:03 update: added Агата_Кристи/1988 - Второй фронт (2008 Переиздание)/11 - Post Scriptum.mp3
2026-03-07T21:11:03 update: added Агата_Кристи/1988 - Второй фронт (2008 Переиздание)/01 - Инспектор По....mp3
2026-03-07T21:11:03 update: added Агата_Кристи/1988 - Второй фронт (2008 Переиздание)/02 - Гномы-каннибалы.mp3
2026-03-07T21:11:03 update: added Агата_Кристи/1988 - Второй фронт (2008 Переиздание)/09 - Второй фронт.mp3
2026-03-07T21:11:03 update: added Агата_Кристи/1988 - Второй фронт (2008 Переиздание)/10 - Телесудьбы.mp3
2026-03-07T21:11:03 update: added Агата_Кристи/1988 - Второй фронт (2008 Переиздание)/05 - Ты уходишь.mp3
2026-03-07T21:11:03 update: added Агата_Кристи/1988 - Второй фронт (2008 Переиздание)/13 - Крысы в белых перчатках (Bonus track).mp3
2026-03-07T21:11:03 update: added Агата_Кристи/1988 - Второй фронт (2008 Переиздание)/08 - Пинкертон.mp3
2026-03-07T21:11:03 update: added Агата_Кристи/1988 - Второй фронт (2008 Переиздание)/12 - Наша правда (Bonus track).mp3
2026-03-07T21:11:03 update: added Агата_Кристи/2000 - Майн Кайф (2008 Переиздание)/11 - Месяц.mp3
2026-03-07T21:11:03 update: added Агата_Кристи/2000 - Майн Кайф (2008 Переиздание)/07 - Выпить море.mp3
2026-03-07T21:11:03 update: added Агата_Кристи/2000 - Майн Кайф (2008 Переиздание)/04 - Красная шапочка.mp3
2026-03-07T21:11:03 update: added Агата_Кристи/2000 - Майн Кайф (2008 Переиздание)/05 - Альрауне.mp3
2026-03-07T21:11:03 update: added Агата_Кристи/2000 - Майн Кайф (2008 Переиздание)/16 - Красная шапочка (Gothic House Version 2006) (Bonus track).mp3
2026-03-07T21:11:03 update: added Агата_Кристи/2000 - Майн Кайф (2008 Переиздание)/12 - Ветер.mp3
2026-03-07T21:11:03 update: added Агата_Кристи/2000 - Майн Кайф (2008 Переиздание)/08 - Ein Zwei Drei Waltz.mp3
2026-03-07T21:11:03 update: added Агата_Кристи/2000 - Майн Кайф (2008 Переиздание)/09 - Странное Рождество.mp3
2026-03-07T21:11:03 update: added Агата_Кристи/2000 - Майн Кайф (2008 Переиздание)/02 - Пират.mp3
2026-03-07T21:11:03 update: added Агата_Кристи/2000 - Майн Кайф (2008 Переиздание)/10 - Четыре слова.mp3
2026-03-07T21:11:03 update: added Агата_Кристи/2000 - Майн Кайф (2008 Переиздание)/03 - Секрет.mp3
2026-03-07T21:11:03 update: added Агата_Кристи/2000 - Майн Кайф (2008 Переиздание)/01 - Пролог. Убитая любовь.mp3
2026-03-07T21:11:03 update: added Агата_Кристи/2000 - Майн Кайф (2008 Переиздание)/14 - Эпилог. На краю.mp3
2026-03-07T21:11:03 update: added Агата_Кристи/2000 - Майн Кайф (2008 Переиздание)/13 - Снайпер.mp3
2026-03-07T21:11:03 update: added Агата_Кристи/2000 - Майн Кайф (2008 Переиздание)/15 - Никогда (Bonus track).mp3
2026-03-07T21:11:03 update: added Агата_Кристи/2000 - Майн Кайф (2008 Переиздание)/06 - На дне.mp3
2026-03-07T21:11:03 update: added Агата_Кристи/1997 - Ураган (2008 Переиздание)/07 - Розовый бинт.mp3
2026-03-07T21:11:03 update: added Агата_Кристи/1997 - Ураган (2008 Переиздание)/12 - Корвет уходит в небеса.mp3
2026-03-07T21:11:03 update: added Агата_Кристи/1997 - Ураган (2008 Переиздание)/04 - Поход.mp3
2026-03-07T21:11:03 update: added Агата_Кристи/1997 - Ураган (2008 Переиздание)/05 - Грязь.mp3
2026-03-07T21:11:03 update: added Агата_Кристи/1997 - Ураган (2008 Переиздание)/11 - Серое небо.mp3
2026-03-07T21:11:03 update: added Агата_Кристи/1997 - Ураган (2008 Переиздание)/09 - Аусвайс на небо.mp3
2026-03-07T21:11:03 update: added Агата_Кристи/1997 - Ураган (2008 Переиздание)/01 - Два корабля.mp3
2026-03-07T21:11:03 update: added Агата_Кристи/1997 - Ураган (2008 Переиздание)/10 - Извращение.mp3
2026-03-07T21:11:03 update: added Агата_Кристи/1997 - Ураган (2008 Переиздание)/06 - Легион.mp3
2026-03-07T21:11:03 update: added Агата_Кристи/1997 - Ураган (2008 Переиздание)/02 - Ураган.mp3
2026-03-07T21:11:03 update: added Агата_Кристи/1997 - Ураган (2008 Переиздание)/08 - Звёздное гестапо.mp3
2026-03-07T21:11:03 update: added Агата_Кристи/1997 - Ураган (2008 Переиздание)/03 - Моряк.mp3
2026-03-07T21:11:03 update: added Агата_Кристи/1996 - Heroin 0 (Remixed) (2008 Переиздание)/10 - Ты и я (One More Joint In Bulgakov Dub Mix).mp3
2026-03-07T21:11:03 update: added Агата_Кристи/1996 - Heroin 0 (Remixed) (2008 Переиздание)/03 - Кошка (Acid House Dark Mix).mp3
2026-03-07T21:11:03 update: added Агата_Кристи/1996 - Heroin 0 (Remixed) (2008 Переиздание)/08 - Вечная любовь (Wir Tanzen Hard House Mix).mp3
2026-03-07T21:11:03 update: added Агата_Кристи/1996 - Heroin 0 (Remixed) (2008 Переиздание)/01 - Опиум для никого (Joseph & William's Life Progressive House Mix).mp3
2026-03-07T21:11:03 update: added Агата_Кристи/1996 - Heroin 0 (Remixed) (2008 Переиздание)/04 - Тоска без конца (Deep Sadness House Mix).mp3
2026-03-07T21:11:03 update: added Агата_Кристи/1996 - Heroin 0 (Remixed) (2008 Переиздание)/05 - Новый год (Acid Trip-Hop Attack Mix).mp3
2026-03-07T21:11:03 update: added Агата_Кристи/1996 - Heroin 0 (Remixed) (2008 Переиздание)/07 - Чёрная луна (Two Weeks Of Hard Job House Mix).mp3
2026-03-07T21:11:03 update: added Агата_Кристи/1996 - Heroin 0 (Remixed) (2008 Переиздание)/06 - Айлавью (Highway Mix).mp3
2026-03-07T21:11:03 update: added Агата_Кристи/1996 - Heroin 0 (Remixed) (2008 Переиздание)/09 - Как на войне (Too Happy Mix).mp3
2026-03-07T21:11:03 update: added Агата_Кристи/1996 - Heroin 0 (Remixed) (2008 Переиздание)/02 - Вольно (Sad Guitar House Mix).mp3
2026-03-07T21:11:03 update: added Агата_Кристи/1996 - Heroin 0 (Remixed) (2008 Переиздание)/11 - Чёрная луна (Soft Radio Triplex House Mix).mp3
2026-03-07T21:11:03 update: added Агата_Кристи/2003 - Избранное. Скаzки (2008 Переиздание) (2 CD)/2002 - Избранное (2008 Переиздание)/17 - Детка-конфетка.mp3
2026-03-07T21:11:03 update: added Агата_Кристи/2003 - Избранное. Скаzки (2008 Переиздание) (2 CD)/2002 - Избранное (2008 Переиздание)/15 - Пуля.mp3
2026-03-07T21:11:03 update: added Агата_Кристи/1990 - Декаданс (2008 Переиздание)/09 - Кошка.mp3
2026-03-07T21:11:03 update: added Агата_Кристи/1990 - Декаданс (2008 Переиздание)/06 - Шпала.mp3
2026-03-07T21:11:03 update: added Агата_Кристи/1990 - Декаданс (2008 Переиздание)/03 - Его там не было.mp3
2026-03-07T21:11:03 update: added Агата_Кристи/1990 - Декаданс (2008 Переиздание)/08 - Эксперимент.mp3
2026-03-07T21:11:03 update: added Агата_Кристи/1990 - Декаданс (2008 Переиздание)/04 - Эпидемия.mp3
2026-03-07T21:11:03 update: added Агата_Кристи/1990 - Декаданс (2008 Переиздание)/10 - Красный петух.mp3
2026-03-07T21:11:03 update: added Агата_Кристи/1990 - Декаданс (2008 Переиздание)/02 - Мотоциклетка.mp3
2026-03-07T21:11:03 update: added Агата_Кристи/1990 - Декаданс (2008 Переиздание)/07 - Декаданс.mp3
2026-03-07T21:11:03 update: added Агата_Кристи/1990 - Декаданс (2008 Переиздание)/11 - Пулемёт Максим.mp3
2026-03-07T21:11:03 update: added Агата_Кристи/1990 - Декаданс (2008 Переиздание)/01 - Щекотно.mp3
2026-03-07T21:11:03 update: added Агата_Кристи/1990 - Декаданс (2008 Переиздание)/05 - Беглец.mp3
2026-03-07T21:11:03 update: added Metox/2022-10-07 - Ведро с крабами/15. Metox, Раскольников - Первоначальный Капитал.mp3
2026-03-07T21:11:03 update: added Metox/2022-10-07 - Ведро с крабами/13. Metox - Лицемер.mp3
2026-03-07T21:11:03 update: added Metox/2022-10-07 - Ведро с крабами/04. Metox - Кто тебя кинул.mp3
2026-03-07T21:11:03 update: added Metox/2022-10-07 - Ведро с крабами/01. Metox - Биография.mp3
2026-03-07T21:11:03 update: added Metox/2023-09-29 - Мухоморье/09. Metox - Байки.mp3
2026-03-07T21:11:03 update: added Metox/2023-09-29 - Мухоморье/01. Metox - Нельзя Запрещать.mp3
2026-03-07T21:11:03 update: added Metox/2023-09-29 - Мухоморье/03. Metox - Мария Шарапова.mp3
2026-03-07T21:11:03 update: added Metox/2023-09-29 - Мухоморье/12. Metox - Зарабатывать.mp3
2026-03-07T21:11:03 update: added Metox/2023-03-17 - Полдень трудного дня/07. Metox, Цинк Уродов - Где ты был.mp3
2026-03-07T21:11:03 update: added Metox/2023-03-17 - Полдень трудного дня/11. Metox, Horus, Аманит - Забег.mp3
2026-03-07T21:11:03 update: added Metox/2023-03-17 - Полдень трудного дня/01. Metox - Кто за.mp3
2026-03-07T21:11:03 update: added Metox/2023-03-17 - Полдень трудного дня/08. Metox - Наркобизнес.mp3
2026-03-07T21:11:03 update: added Metox/2023-03-17 - Полдень трудного дня/06. Metox - Бишкек.mp3
2026-03-07T21:11:03 update: added Metox/2024-11-22  Четыре Языка/18. Metox - ГОСТ.mp3
2026-03-07T21:11:03 update: added Metox/2024-11-22  Четыре Языка/22. Metox - Я живу в России.mp3
2026-03-07T21:11:03 update: added Metox/2024-11-22  Четыре Языка/03. Metox - Не вините небеса.mp3
2026-03-07T21:11:03 update: added Metox/2024-11-22  Четыре Языка/01. Metox - Четвёртый Язык.mp3
2026-03-07T21:11:03 update: added Metox/2024-11-22  Четыре Языка/02. Metox - Задание.mp3
2026-03-07T21:11:03 update: added Metox/2024-11-22  Четыре Языка/04. Metox - Непрошеный гость.mp3
2026-03-07T21:11:03 update: added Metox/2024-11-22  Четыре Языка/19. Metox - Триумф.mp3
2026-03-07T21:11:03 update: added Metox/2024-11-22  Четыре Языка/05. Metox - Недопарень.mp3
2026-03-07T21:11:03 update: added Metox/2024-11-22  Четыре Языка/20. Metox - Спектакль.mp3
2026-03-07T21:11:03 update: added Metox/2024-11-22  Четыре Языка/11. Metox - Как ты сюда дошёл.mp3
2026-03-07T21:11:03 update: added Metox/2024-11-22  Четыре Языка/24. Metox - Когда кошелёк тяжелеет.mp3
2026-03-07T21:11:03 update: added Metox/2024-11-22  Четыре Языка/21. Metox - В любой дыре.mp3
2026-03-07T21:11:03 update: added Metox/2024-11-22  Четыре Языка/10. Metox - Торговля это плохо.mp3
2026-03-07T21:11:03 update: added Metox/2024-11-22  Четыре Языка/07. Metox - Финал один.mp3
2026-03-07T21:11:03 update: added Metox/2024-11-22  Четыре Языка/23. Metox - Вопрос Богу.mp3
2026-03-07T21:11:03 update: added Metox/2024-11-22  Четыре Языка/16. Metox - Дамочка.mp3
2026-03-07T21:11:03 update: added Metox/2024-11-22  Четыре Языка/08. Metox - Лимпопо.mp3
2026-03-07T21:11:03 update: added Metox/2024-11-22  Четыре Языка/15. Metox - Я не читал поэтов.mp3
2026-03-07T21:11:03 update: added Metox/2024-11-22  Четыре Языка/13. Metox - Недвижимость.mp3
2026-03-07T21:11:03 update: added Metox/2024-11-22  Четыре Языка/14. Metox - Инфралагерное зрение.mp3
2026-03-07T21:11:03 update: added Metox/2024-11-22  Четыре Языка/06. Metox - Это моё.mp3
2026-03-07T21:11:03 update: added Metox/2024-11-22  Четыре Языка/17. Metox - Залетел в книжный магаз.mp3
2026-03-07T21:11:03 update: added Metox/2024-11-22  Четыре Языка/12. Metox - Счета.mp3
2026-03-07T21:11:03 update: added Metox/2024-11-22  Четыре Языка/09. Metox - Это Я.mp3
2026-03-07T21:11:03 update: added Metox/2024-05-03 - Полночь трудного дня/06. Metox, Loc-Dog - Тень прошлого.mp3
2026-03-07T21:11:03 update: added Metox/2024-05-03 - Полночь трудного дня/07. Metox - Сталинская высотка.mp3
2026-03-07T21:11:03 update: added Metox/2024-05-03 - Полночь трудного дня/05. Metox - Лишь бы вставило.mp3
2026-03-07T21:11:03 update: added Metox/2024-07-26 - кровь из носа, Metox - гуманитарная катастрофа/10. кровь из носа, Metox - скандинавская тюрьма.mp3
2026-03-07T21:11:03 update: added Metox/2024-07-26 - кровь из носа, Metox - гуманитарная катастрофа/05. кровь из носа, Metox - маяковский.mp3
2026-03-07T21:11:03 update: added Metox/2024-07-26 - кровь из носа, Metox - гуманитарная катастрофа/06. кровь из носа, Metox, Booker - купе.mp3
2026-03-07T21:11:03 update: added Metox/2024-07-26 - кровь из носа, Metox - гуманитарная катастрофа/08. кровь из носа, Metox - зубы.mp3
2026-03-07T21:11:03 update: added Metox/2024-07-26 - кровь из носа, Metox - гуманитарная катастрофа/02. кровь из носа, Metox, Кажэ Обойма - криминал-не криминал.mp3
2026-03-07T21:11:03 update: added Metox/2024-07-26 - кровь из носа, Metox - гуманитарная катастрофа/04. кровь из носа, Metox, Паша Техник - нхл ледибой.mp3
2026-03-07T21:11:03 update: added Metox/2024-07-26 - кровь из носа, Metox - гуманитарная катастрофа/01. кровь из носа, Metox - черри блоссом.mp3
2026-03-07T21:11:03 update: added Metox/2024-07-26 - кровь из носа, Metox - гуманитарная катастрофа/09. кровь из носа, Metox - песня военных лет.mp3
2026-03-07T21:11:03 update: added Metox/2024-07-26 - кровь из носа, Metox - гуманитарная катастрофа/03. кровь из носа, Metox - салат.mp3
2026-03-07T21:11:03 update: added Metox/2024-07-26 - кровь из носа, Metox - гуманитарная катастрофа/07. кровь из носа, Metox - вантаблэк мандэй.mp3
2026-03-07T21:11:03 update: added Metox/2025-09-12 - Лойко Зобар/23. Metox - Летают себе и летают.mp3
2026-03-07T21:11:03 update: added Metox/2025-09-12 - Лойко Зобар/06. Metox - Жирные Морды.mp3
2026-03-07T21:11:03 update: added Metox/2025-09-12 - Лойко Зобар/04. Metox - Гриша.mp3
2026-03-07T21:11:03 update: added Metox/2025-09-12 - Лойко Зобар/21. Metox - Сирены воют на луну.mp3
2026-03-07T21:11:03 update: added Metox/2025-09-12 - Лойко Зобар/02. Metox - На Контрасте.mp3
2026-03-07T21:11:03 update: added Metox/2025-09-12 - Лойко Зобар/20. Metox - Зеки, барыги, проститутки.mp3
2026-03-07T21:11:03 update: added Metox/2025-09-12 - Лойко Зобар/11. Metox - Пишущая машина.mp3
2026-03-07T21:11:03 update: added Metox/2025-09-12 - Лойко Зобар/17. Metox - Любовь приходит к каждому ганд....mp3
2026-03-07T21:11:03 update: added Metox/2025-09-12 - Лойко Зобар/09. Metox - Лойко Зобар.mp3
2026-03-07T21:11:03 update: added Metox/2025-09-12 - Лойко Зобар/13. Metox - Колесо.mp3
2026-03-07T21:11:03 update: added Metox/2025-09-12 - Лойко Зобар/18. Metox - Гордая фигура Радды (скит).mp3
2026-03-07T21:11:03 update: added Metox/2025-09-12 - Лойко Зобар/16. Metox - Поплыл.mp3
2026-03-07T21:11:03 update: added Metox/2025-09-12 - Лойко Зобар/05. Metox - Жирные Морды (скит).mp3
2026-03-07T21:11:03 update: added Metox/2025-09-12 - Лойко Зобар/22. Metox - Антеннам.mp3
2026-03-07T21:11:03 update: added Metox/2025-09-12 - Лойко Зобар/03. Metox - Зачем (скит).mp3
2026-03-07T21:11:03 update: added Metox/2025-09-12 - Лойко Зобар/01. Metox - Вступление.mp3
2026-03-07T21:11:03 update: added Metox/2025-09-12 - Лойко Зобар/12. Metox - Миражи.mp3
2026-03-07T21:11:03 update: added Metox/2025-09-12 - Лойко Зобар/19. Metox - Статистика.mp3
2026-03-07T21:11:03 update: added Metox/2025-09-12 - Лойко Зобар/10. Metox - Морозный страггл на Руси.mp3
2026-03-07T21:11:03 update: added Metox/2025-09-12 - Лойко Зобар/08. Metox - Ока и Волга.mp3
2026-03-07T21:11:03 update: added Metox/2025-09-12 - Лойко Зобар/07. Metox - История России.mp3
2026-03-07T21:11:03 update: added Metox/2025-09-12 - Лойко Зобар/15. Metox - Привяжет чем-то (скит).mp3
2026-03-07T21:11:03 update: added Metox/2025-09-12 - Лойко Зобар/14. Metox - Вальс Вольнодумия.mp3
2026-03-07T21:11:03 update: added DeathbyRomy/Singles & Remixes/2020 - Hurt (feat. Lost Kings)/01 - Hurt.mp3
2026-03-07T21:11:03 update: added DeathbyRomy/Singles & Remixes/2023 - Hellhound/01 - Hellhound (feat. Jazmin Bean).mp3
2026-03-07T21:11:03 update: added DeathbyRomy/Singles & Remixes/2020 - Wolf (feat. Politik)/01 - Wolf.mp3
2026-03-07T21:11:03 update: added DeathbyRomy/Singles & Remixes/2020 - Come And Play With Me (From _Promising Young Woman_ Soundtrack)/01 - Come And Play With Me (From _Promising Young Woman_ Soundtrack).mp3
2026-03-07T21:11:03 update: added DeathbyRomy/Singles & Remixes/2022 - Hollow (with Party Favor)/01 - Hollow (with Party Favor).mp3
2026-03-07T21:11:03 update: added DeathbyRomy/Singles & Remixes/2018 - DeathWish/01 - DeathWish.mp3
2026-03-07T21:11:03 update: added DeathbyRomy/Singles & Remixes/2023 - Late Nights/01 - Late Nights.mp3
2026-03-07T21:11:03 update: added DeathbyRomy/Singles & Remixes/2020 - Problems(feat. 24kgoldn) (Remix)/01 - Problems (Remix) (feat. 24kgoldn).mp3
2026-03-07T21:11:03 update: added DeathbyRomy/Singles & Remixes/2018 - Frozen/01 - Frozen.mp3
2026-03-07T21:11:03 update: added DeathbyRomy/Singles & Remixes/2023 - Even If It Bleeds/01 - Even If It Bleeds.mp3
2026-03-07T21:11:03 update: added DeathbyRomy/Singles & Remixes/2023 - Crazy/01 - Crazy.mp3
2026-03-07T21:11:03 update: added DeathbyRomy/Singles & Remixes/2023 - Kykla (feat. Baby Jane)/01 - Kykla.mp3
2026-03-07T21:11:03 update: added DeathbyRomy/Singles & Remixes/2023 - SAINT/01 - SAINT.mp3
2026-03-07T21:11:03 update: added DeathbyRomy/Singles & Remixes/2020 - True Crime (feat. Dreamers)/01 - True Crime.mp3
2026-03-07T21:11:03 update: added DeathbyRomy/Singles & Remixes/2020 - Kiss Me Goodbye/01 - Kiss Me Goodbye.mp3
2026-03-07T21:11:03 update: added DeathbyRomy/Singles & Remixes/2019 - Dangerous (feat. blackbear)/01 - Dangerous (feat. blackbear).mp3
2026-03-07T21:11:03 update: added DeathbyRomy/Singles & Remixes/2024 - Waves (feat. Zeds dead)/01 - Waves.mp3
2026-03-07T21:11:03 update: added DeathbyRomy/Singles & Remixes/2021 - Soul Sucker, Pt. 2 (feat. Ellise)/01 - Soul Sucker, Pt. 2.mp3
2026-03-07T21:11:03 update: added DeathbyRomy/Singles & Remixes/2020 - Release Yourself/01 - Release Yourself.mp3
2026-03-07T21:11:03 update: added DeathbyRomy/Singles & Remixes/2020 - Beautiful Mayhem/01 - Beautiful Mayhem.mp3
2026-03-07T21:11:03 update: added DeathbyRomy/Singles & Remixes/2022 - Lovesick/01 - Lovesick.mp3
2026-03-07T21:11:03 update: added DeathbyRomy/Singles & Remixes/2023 - I Kill Everything (Clean Version)/01 - I Kill Everything (Clean Version).mp3
2026-03-07T21:11:03 update: added DeathbyRomy/Singles & Remixes/2023 - HATE PARTY (feat. bodyimage)/02 - break my fucking sp_ne.mp3
2026-03-07T21:11:03 update: added DeathbyRomy/Singles & Remixes/2023 - HATE PARTY (feat. bodyimage)/01 - HATE PARTY.mp3
2026-03-07T21:11:03 update: added DeathbyRomy/Singles & Remixes/2020 - It's Raining Men/01 - It's Raining Men (From _Promising Young Woman_ Soundtrack).mp3
2026-03-07T21:11:03 update: added DeathbyRomy/EP/2021 - Day I Die/01 - Day I Die.mp3
2026-03-07T21:11:03 update: added DeathbyRomy/EP/2021 - Day I Die/04 - Bad 4 Me.mp3
2026-03-07T21:11:03 update: added DeathbyRomy/EP/2021 - Day I Die/02 - Day I Die (German).mp3
2026-03-07T21:11:03 update: added DeathbyRomy/EP/2021 - Day I Die/03 - Day I Die (Spanish).mp3
2026-03-07T21:11:03 update: added DeathbyRomy/EP/2019 - Love u – to Death/04 - Sleep At Night.mp3
2026-03-07T21:11:03 update: added DeathbyRomy/EP/2019 - Love u – to Death/03 - Let Me Fall.mp3
2026-03-07T21:11:03 update: added DeathbyRomy/EP/2019 - Love u – to Death/05 - Diamond Tears.mp3
2026-03-07T21:11:03 update: added DeathbyRomy/EP/2019 - Love u – to Death/02 - Love U To Death.mp3
2026-03-07T21:11:03 update: added DeathbyRomy/EP/2019 - Love u – to Death/06 - Problems.mp3
2026-03-07T21:11:03 update: added DeathbyRomy/EP/2019 - Love u – to Death/01 - I Feel Like A God.mp3
2026-03-07T21:11:03 update: added DeathbyRomy/Albums/2021 - Songs For My Funeral/05 - Let Me Fall.mp3
2026-03-07T21:11:03 update: added DeathbyRomy/Albums/2021 - Songs For My Funeral/03 - Beautiful Mayhem.mp3
2026-03-07T21:11:03 update: added DeathbyRomy/Albums/2021 - Songs For My Funeral/06 - DeathWish.mp3
2026-03-07T21:11:03 update: added DeathbyRomy/Albums/2021 - Songs For My Funeral/02 - Day I Die.mp3
2026-03-07T21:11:03 update: added DeathbyRomy/Albums/2021 - Songs For My Funeral/04 - Kiss Me Goodbye.mp3
2026-03-07T21:11:03 update: added DeathbyRomy/Albums/2021 - Songs For My Funeral/07 - Problems.mp3
2026-03-07T21:11:03 update: added DeathbyRomy/Albums/2021 - Songs For My Funeral/01 - I Feel Like A God.mp3
2026-03-07T21:11:03 update: added DeathbyRomy/Albums/2022 - Entropy/01 - Vicious Bliss.mp3
2026-03-07T21:11:03 update: added DeathbyRomy/Albums/2022 - Entropy/04 - I Was Rather Disappointed.mp3
2026-03-07T21:11:03 update: added DeathbyRomy/Albums/2022 - Entropy/07 - Crash.mp3
2026-03-07T21:11:03 update: added DeathbyRomy/Albums/2022 - Entropy/03 - No Mercy.mp3
2026-03-07T21:11:03 update: added DeathbyRomy/Albums/2022 - Entropy/05 - I Don't Believe in Anything.mp3
2026-03-07T21:11:03 update: added DeathbyRomy/Albums/2022 - Entropy/06 - DNA.mp3
2026-03-07T21:11:03 update: added DeathbyRomy/Albums/2022 - Entropy/02 - I Kill Everything.mp3
2026-03-07T21:11:03 update: added DeathbyRomy/Albums/2025 - HOLLYWOOD FOREVER/02. LA LA LAND.mp3
2026-03-07T21:11:03 update: added DeathbyRomy/Albums/2025 - HOLLYWOOD FOREVER/10. BITCHFAMOUS.mp3
2026-03-07T21:11:03 update: added DeathbyRomy/Albums/2025 - HOLLYWOOD FOREVER/03. YUNG & RICH (feat. WARGASM (UK) & bodyimage).mp3
2026-03-07T21:11:03 update: added DeathbyRomy/Albums/2025 - HOLLYWOOD FOREVER/04. XXXHIBITIONIST.mp3
2026-03-07T21:11:03 update: added DeathbyRomy/Albums/2025 - HOLLYWOOD FOREVER/09. LITTLE DREAMER.mp3
2026-03-07T21:11:03 update: added DeathbyRomy/Albums/2025 - HOLLYWOOD FOREVER/05. CITY OF ANGELS.mp3
2026-03-07T21:11:03 update: added DeathbyRomy/Albums/2025 - HOLLYWOOD FOREVER/07. CALIFORNIA DREAMING INTERLUDE.mp3
2026-03-07T21:11:03 update: added DeathbyRomy/Albums/2025 - HOLLYWOOD FOREVER/11. KILL OR BE KILLED (feat. Team Death & Jayden Hammer).mp3
2026-03-07T21:11:03 update: added DeathbyRomy/Albums/2025 - HOLLYWOOD FOREVER/06. CALIFORNIA BABY.mp3
2026-03-07T21:11:03 update: added DeathbyRomy/Albums/2025 - HOLLYWOOD FOREVER/12. PRAY TO ME (feat. Palaye Royale).mp3
2026-03-07T21:11:03 update: added DeathbyRomy/Albums/2025 - HOLLYWOOD FOREVER/13. IF I DIE YOUNG.mp3
2026-03-07T21:11:03 update: added DeathbyRomy/Albums/2025 - HOLLYWOOD FOREVER/01. SEE U ON THE OTHER SIDE.mp3
2026-03-07T21:11:03 update: added DeathbyRomy/Albums/2025 - HOLLYWOOD FOREVER/08. CORPSE KISS.mp3
2026-03-07T21:11:03 update: added DeathbyRomy/Albums/2018 - Monsters/11 - Average (feat. Cuban Doll).mp3
2026-03-07T21:11:03 update: added DeathbyRomy/Albums/2018 - Monsters/08 - All u Have is YOU.mp3
2026-03-07T21:11:03 update: added DeathbyRomy/Albums/2018 - Monsters/01 - Don't Fall For Monsters.mp3
2026-03-07T21:11:03 update: added DeathbyRomy/Albums/2018 - Monsters/04 - Alone Again.mp3
2026-03-07T21:11:03 update: added DeathbyRomy/Albums/2018 - Monsters/02 - High (feat. Yung Bans).mp3
2026-03-07T21:11:03 update: added DeathbyRomy/Albums/2018 - Monsters/06 - No More.mp3
2026-03-07T21:11:03 update: added DeathbyRomy/Albums/2018 - Monsters/07 - Romy What's on Your Mind.mp3
2026-03-07T21:11:03 update: added DeathbyRomy/Albums/2018 - Monsters/05 - His Words.mp3
2026-03-07T21:11:03 update: added DeathbyRomy/Albums/2018 - Monsters/10 - Shadow.mp3
2026-03-07T21:11:03 update: added DeathbyRomy/Albums/2018 - Monsters/12 - Demons (feat. Lil B).mp3
2026-03-07T21:11:03 update: added DeathbyRomy/Albums/2018 - Monsters/09 - Stronger.mp3
2026-03-07T21:11:03 update: added DeathbyRomy/Albums/2018 - Monsters/03 - Pocket Change.mp3
2026-03-07T21:11:03 update: added Глеб_СамойлоFF_The_MatriXX/Глеб СамойлоFF & The MatriXX - Прекрасное жестоко/17. Содомия.mp3
2026-03-07T21:11:03 update: added Глеб_СамойлоFF_The_MatriXX/Глеб СамойлоFF & The MatriXX - Прекрасное жестоко/04. В открытый рот.mp3
2026-03-07T21:11:03 update: added Глеб_СамойлоFF_The_MatriXX/Глеб СамойлоFF & The MatriXX - Прекрасное жестоко/20. Завтра.mp3
2026-03-07T21:11:03 update: added Глеб_СамойлоFF_The_MatriXX/Глеб СамойлоFF & The MatriXX - Прекрасное жестоко/09. Ненормальный.mp3
2026-03-07T21:11:03 update: added Глеб_СамойлоFF_The_MatriXX/Глеб СамойлоFF & The MatriXX - Прекрасное жестоко/14. Исход.mp3
2026-03-07T21:11:03 update: added Глеб_СамойлоFF_The_MatriXX/Глеб СамойлоFF & The MatriXX - Прекрасное жестоко/11. Такая ночь.mp3
2026-03-07T21:11:03 update: added Глеб_СамойлоFF_The_MatriXX/Глеб СамойлоFF & The MatriXX - Прекрасное жестоко/24. Спокойной ночи!.mp3
2026-03-07T21:11:03 update: added Глеб_СамойлоFF_The_MatriXX/Глеб СамойлоFF & The MatriXX - Прекрасное жестоко/19. Готика.mp3
2026-03-07T21:11:03 update: added Глеб_СамойлоFF_The_MatriXX/Глеб СамойлоFF & The MatriXX - Прекрасное жестоко/05. Дерьмо.mp3
2026-03-07T21:11:03 update: added Глеб_СамойлоFF_The_MatriXX/Глеб СамойлоFF & The MatriXX - Прекрасное жестоко/01. Отряд.mp3
2026-03-07T21:11:03 update: added Глеб_СамойлоFF_The_MatriXX/Глеб СамойлоFF & The MatriXX - Прекрасное жестоко/22. Любить снова.mp3
2026-03-07T21:11:03 update: added Глеб_СамойлоFF_The_MatriXX/Глеб СамойлоFF & The MatriXX - Прекрасное жестоко/10. Любовью.mp3
2026-03-07T21:11:03 update: added Глеб_СамойлоFF_The_MatriXX/Глеб СамойлоFF & The MatriXX - Прекрасное жестоко/08. Сердце и печень.mp3
2026-03-07T21:11:03 update: added Глеб_СамойлоFF_The_MatriXX/Глеб СамойлоFF & The MatriXX - Прекрасное жестоко/23. Никто не выжил.mp3
2026-03-07T21:11:03 update: added Глеб_СамойлоFF_The_MatriXX/Глеб СамойлоFF & The MatriXX - Прекрасное жестоко/12. Житель маленького Ада.mp3
2026-03-07T21:11:03 update: added Глеб_СамойлоFF_The_MatriXX/Глеб СамойлоFF & The MatriXX - Прекрасное жестоко/07. Друг и драг.mp3
2026-03-07T21:11:03 update: added Глеб_СамойлоFF_The_MatriXX/Глеб СамойлоFF & The MatriXX - Прекрасное жестоко/06. Один из вас.mp3
2026-03-07T21:11:03 update: added Глеб_СамойлоFF_The_MatriXX/Глеб СамойлоFF & The MatriXX - Прекрасное жестоко/02. Такой день.mp3
2026-03-07T21:11:03 update: added Глеб_СамойлоFF_The_MatriXX/Глеб СамойлоFF & The MatriXX - Прекрасное жестоко/16. Дыра.mp3
2026-03-07T21:11:03 update: added Глеб_СамойлоFF_The_MatriXX/Глеб СамойлоFF & The MatriXX - Прекрасное жестоко/18. Вампиры.mp3
2026-03-07T21:11:03 update: added Глеб_СамойлоFF_The_MatriXX/Глеб СамойлоFF & The MatriXX - Прекрасное жестоко/21. Они подойдут поближе.mp3
2026-03-07T21:11:03 update: added Глеб_СамойлоFF_The_MatriXX/Глеб СамойлоFF & The MatriXX - Прекрасное жестоко/13. В дверь стучат.mp3
2026-03-07T21:11:03 update: added Глеб_СамойлоFF_The_MatriXX/Глеб СамойлоFF & The MatriXX - Прекрасное жестоко/15. Форма.mp3
2026-03-07T21:11:03 update: added Глеб_СамойлоFF_The_MatriXX/Глеб СамойлоFF & The MatriXX - Прекрасное жестоко/03. Жить всегда.mp3
2026-03-07T21:11:03 update: added Глеб_СамойлоFF_The_MatriXX/2017 - Субкоманданте/01. Субкоманданте.mp3
2026-03-07T21:11:03 update: added Глеб_СамойлоFF_The_MatriXX/2015 - Резня в Асбесте [Limited Digipack Edition]/22. Темно.mp3
2026-03-07T21:11:03 update: added Глеб_СамойлоFF_The_MatriXX/2015 - Резня в Асбесте [Limited Digipack Edition]/15. Дохлое мясо.mp3
2026-03-07T21:11:03 update: added Глеб_СамойлоFF_The_MatriXX/2015 - Резня в Асбесте [Limited Digipack Edition]/09. Суть боли.mp3
2026-03-07T21:11:03 update: added Глеб_СамойлоFF_The_MatriXX/2015 - Резня в Асбесте [Limited Digipack Edition]/01. Добро пожаловать в Асбест.mp3
2026-03-07T21:11:03 update: added Глеб_СамойлоFF_The_MatriXX/2015 - Резня в Асбесте [Limited Digipack Edition]/18. Танцуй.mp3
2026-03-07T21:11:03 update: added Глеб_СамойлоFF_The_MatriXX/2015 - Резня в Асбесте [Limited Digipack Edition]/08. Кладбище.mp3
2026-03-07T21:11:03 update: added Глеб_СамойлоFF_The_MatriXX/2015 - Резня в Асбесте [Limited Digipack Edition]/16. Страх и отвращение в Асбесте.mp3
2026-03-07T21:11:03 update: added Глеб_СамойлоFF_The_MatriXX/2015 - Резня в Асбесте [Limited Digipack Edition]/19. Плачет сердце.mp3
2026-03-07T21:11:03 update: added Глеб_СамойлоFF_The_MatriXX/2015 - Резня в Асбесте [Limited Digipack Edition]/04. Добрая песня.mp3
2026-03-07T21:11:03 update: added Глеб_СамойлоFF_The_MatriXX/2015 - Резня в Асбесте [Limited Digipack Edition]/23. Реквием по Асбесту.mp3
2026-03-07T21:11:03 update: added Глеб_СамойлоFF_The_MatriXX/2015 - Резня в Асбесте [Limited Digipack Edition]/20. Сумеречный город.mp3
2026-03-07T21:11:03 update: added Глеб_СамойлоFF_The_MatriXX/2015 - Резня в Асбесте [Limited Digipack Edition]/21. Что будет завтра.mp3
2026-03-07T21:11:03 update: added Глеб_СамойлоFF_The_MatriXX/2015 - Резня в Асбесте [Limited Digipack Edition]/06. Стрёмное ожидание.mp3
2026-03-07T21:11:03 update: added Глеб_СамойлоFF_The_MatriXX/2015 - Резня в Асбесте [Limited Digipack Edition]/24. Эвтаназия.mp3
2026-03-07T21:11:03 update: added Глеб_СамойлоFF_The_MatriXX/2015 - Резня в Асбесте [Limited Digipack Edition]/07. Добрый враг.mp3
2026-03-07T21:11:03 update: added Глеб_СамойлоFF_The_MatriXX/2015 - Резня в Асбесте [Limited Digipack Edition]/17. Всё.mp3
2026-03-07T21:11:03 update: added Глеб_СамойлоFF_The_MatriXX/2015 - Резня в Асбесте [Limited Digipack Edition]/12. Очень смешно.mp3
2026-03-07T21:11:03 update: added Глеб_СамойлоFF_The_MatriXX/2015 - Резня в Асбесте [Limited Digipack Edition]/14. Свиньи на луне.mp3
2026-03-07T21:11:03 update: added Глеб_СамойлоFF_The_MatriXX/2015 - Резня в Асбесте [Limited Digipack Edition]/10. Твой дьявол.mp3
2026-03-07T21:11:03 update: added Глеб_СамойлоFF_The_MatriXX/2015 - Резня в Асбесте [Limited Digipack Edition]/11. Трабл.mp3
2026-03-07T21:11:03 update: added Глеб_СамойлоFF_The_MatriXX/2015 - Резня в Асбесте [Limited Digipack Edition]/05. Улетел.mp3
2026-03-07T21:11:03 update: added Глеб_СамойлоFF_The_MatriXX/2015 - Резня в Асбесте [Limited Digipack Edition]/13. Забери меня.mp3
2026-03-07T21:11:03 update: added Глеб_СамойлоFF_The_MatriXX/2015 - Резня в Асбесте [Limited Digipack Edition]/02. Инцептионус.mp3
2026-03-07T21:11:03 update: added Глеб_СамойлоFF_The_MatriXX/2015 - Резня в Асбесте [Limited Digipack Edition]/03. Резня.mp3
2026-03-07T21:11:03 update: added Глеб_СамойлоFF_The_MatriXX/2014 - Light [Limited Digipack Edition]/09. Старик нерушимый.mp3
2026-03-07T21:11:03 update: added Глеб_СамойлоFF_The_MatriXX/2014 - Light [Limited Digipack Edition]/03. Парашютисты.mp3
2026-03-07T21:11:03 update: added Глеб_СамойлоFF_The_MatriXX/2014 - Light [Limited Digipack Edition]/10. Партизаны.mp3
2026-03-07T21:11:03 update: added Глеб_СамойлоFF_The_MatriXX/2014 - Light [Limited Digipack Edition]/06. Космобомбы.mp3
2026-03-07T21:11:03 update: added Глеб_СамойлоFF_The_MatriXX/2017 - Здравствуй [Limited Digipack Edition]/01. Звезда.mp3
2026-03-07T21:11:03 update: added Глеб_СамойлоFF_The_MatriXX/2017 - Здравствуй [Limited Digipack Edition]/15. Послушайте!.mp3
2026-03-07T21:11:03 update: added Глеб_СамойлоFF_The_MatriXX/2017 - Здравствуй [Limited Digipack Edition]/07. Tango Para El Dinero.mp3
2026-03-07T21:11:03 update: added Глеб_СамойлоFF_The_MatriXX/2017 - Здравствуй [Limited Digipack Edition]/04. From Hell.mp3
2026-03-07T21:11:03 update: added Глеб_СамойлоFF_The_MatriXX/2017 - Здравствуй [Limited Digipack Edition]/10. Нет, мама.mp3
2026-03-07T21:11:03 update: added Глеб_СамойлоFF_The_MatriXX/2017 - Здравствуй [Limited Digipack Edition]/12. С.С..mp3
2026-03-07T21:11:03 update: added Глеб_СамойлоFF_The_MatriXX/2017 - Здравствуй [Limited Digipack Edition]/02. Дружок.mp3
2026-03-07T21:11:03 update: added Глеб_СамойлоFF_The_MatriXX/2017 - Здравствуй [Limited Digipack Edition]/08. Готика МР.mp3
2026-03-07T21:11:03 update: added Глеб_СамойлоFF_The_MatriXX/2017 - Здравствуй [Limited Digipack Edition]/03. Дурачок.mp3
2026-03-07T21:11:03 update: added Глеб_СамойлоFF_The_MatriXX/2017 - Здравствуй [Limited Digipack Edition]/06. Чума и праздник.mp3
2026-03-07T21:11:03 update: added Глеб_СамойлоFF_The_MatriXX/2017 - Здравствуй [Limited Digipack Edition]/05. Умереть за любовь.mp3
2026-03-07T21:11:03 update: added Глеб_СамойлоFF_The_MatriXX/2017 - Здравствуй [Limited Digipack Edition]/11. С.Н..mp3
2026-03-07T21:11:03 update: added Глеб_СамойлоFF_The_MatriXX/2017 - Здравствуй [Limited Digipack Edition]/09. Синие цветы.mp3
2026-03-07T21:11:03 update: added Глеб_СамойлоFF_The_MatriXX/2017 - Здравствуй [Limited Digipack Edition]/14. Здравствуй.mp3
2026-03-07T21:11:03 update: added Глеб_СамойлоFF_The_MatriXX/2017 - Здравствуй [Limited Digipack Edition]/13. Guten Morgen.mp3
2026-03-07T21:11:03 update: added Глеб_СамойлоFF_The_MatriXX/2011 - Треш [Limited Digipack Edition]/CD - Треш/11. Нуар.mp3
2026-03-07T21:11:03 update: added Глеб_СамойлоFF_The_MatriXX/2011 - Треш [Limited Digipack Edition]/CD - Треш/14. С чекою в зубах.mp3
2026-03-07T21:11:03 update: added Глеб_СамойлоFF_The_MatriXX/2011 - Треш [Limited Digipack Edition]/CD - Треш/12. Спасибо.mp3
2026-03-07T21:11:03 update: added Глеб_СамойлоFF_The_MatriXX/2011 - Треш [Limited Digipack Edition]/CD - Треш/10. Ничего.mp3
2026-03-07T21:11:03 update: added Глеб_СамойлоFF_The_MatriXX/2011 - Треш [Limited Digipack Edition]/CD - Треш/15. Мы под огнём.mp3
2026-03-07T21:11:03 update: added Глеб_СамойлоFF_The_MatriXX/2011 - Треш [Limited Digipack Edition]/CD - Треш/06. Задыхающийся.mp3
2026-03-07T21:11:03 update: added Глеб_СамойлоFF_The_MatriXX/2011 - Треш [Limited Digipack Edition]/CD - Треш/13. Детство моё.mp3
2026-03-07T21:11:03 update: added Глеб_СамойлоFF_The_MatriXX/2011 - Треш [Limited Digipack Edition]/CD - Треш/02. Космос.mp3
2026-03-07T21:11:03 update: added Глеб_СамойлоFF_The_MatriXX/2011 - Треш [Limited Digipack Edition]/CD - Треш/01. Рай.mp3
2026-03-07T21:11:03 update: added Глеб_СамойлоFF_The_MatriXX/2011 - Треш [Limited Digipack Edition]/CD - Треш/16. Делайте бомбы.mp3
2026-03-07T21:11:03 update: added Глеб_СамойлоFF_The_MatriXX/2011 - Треш [Limited Digipack Edition]/CD - Треш/09. Планета полицаев.mp3
2026-03-07T21:11:03 update: added Глеб_СамойлоFF_The_MatriXX/2011 - Треш [Limited Digipack Edition]/CD - Треш/03. 13.mp3
2026-03-07T21:11:03 update: added Глеб_СамойлоFF_The_MatriXX/2011 - Треш [Limited Digipack Edition]/CD - Треш/04. Я сам.mp3
2026-03-07T21:11:03 update: added Глеб_СамойлоFF_The_MatriXX/2011 - Треш [Limited Digipack Edition]/CD - Треш/08. Треш.mp3
2026-03-07T21:11:03 update: added Глеб_СамойлоFF_The_MatriXX/2011 - Треш [Limited Digipack Edition]/CD - Треш/07. Космобомбы.mp3
2026-03-07T21:11:03 update: added Глеб_СамойлоFF_The_MatriXX/2011 - Треш [Limited Digipack Edition]/CD - Треш/05. Опасность.mp3
2026-03-07T21:11:03 update: added Глеб_СамойлоFF_The_MatriXX/1990 [1995] - Маленький фриц/08. Покрышкин.mp3
2026-03-07T21:11:03 update: added Глеб_СамойлоFF_The_MatriXX/1990 [1995] - Маленький фриц/11. Искушение маленького фрица.mp3
2026-03-07T21:11:03 update: added Глеб_СамойлоFF_The_MatriXX/1990 [1995] - Маленький фриц/05. Последний подвиг Евы Браун.mp3
2026-03-07T21:11:03 update: added Глеб_СамойлоFF_The_MatriXX/1990 [1995] - Маленький фриц/06. Гитлер.mp3
2026-03-07T21:11:03 update: added Глеб_СамойлоFF_The_MatriXX/1990 [1995] - Маленький фриц/01. Барон и за рекой.mp3
2026-03-07T21:11:03 update: added Глеб_СамойлоFF_The_MatriXX/1990 [1995] - Маленький фриц/04. Блиц криг.mp3
2026-03-07T21:11:03 update: added Глеб_СамойлоFF_The_MatriXX/1990 [1995] - Маленький фриц/02. Но пасаран I.mp3
2026-03-07T21:11:03 update: added Глеб_СамойлоFF_The_MatriXX/1990 [1995] - Маленький фриц/03. Фрау его мечты.mp3
2026-03-07T21:11:03 update: added Глеб_СамойлоFF_The_MatriXX/1990 [1995] - Маленький фриц/07. Командир.mp3
2026-03-07T21:11:03 update: added Глеб_СамойлоFF_The_MatriXX/1990 [1995] - Маленький фриц/10. Дезертир.mp3
2026-03-07T21:11:03 update: added Глеб_СамойлоFF_The_MatriXX/1990 [1995] - Маленький фриц/09. Партизаны.mp3
2026-03-07T21:11:03 update: added Глеб_СамойлоFF_The_MatriXX/2013 - Живые, но мёртвые [Limited Digipack Edition]/01. 0 - 0.mp3
2026-03-07T21:11:03 update: added Глеб_СамойлоFF_The_MatriXX/2013 - Живые, но мёртвые [Limited Digipack Edition]/05. Новогоднее обращение.mp3
2026-03-07T21:11:03 update: added Глеб_СамойлоFF_The_MatriXX/2013 - Живые, но мёртвые [Limited Digipack Edition]/14. Всегда.mp3
2026-03-07T21:11:03 update: added Глеб_СамойлоFF_The_MatriXX/2013 - Живые, но мёртвые [Limited Digipack Edition]/15. Психоделическое диско.mp3
2026-03-07T21:11:03 update: added Глеб_СамойлоFF_The_MatriXX/2013 - Живые, но мёртвые [Limited Digipack Edition]/13. Bonus Track.mp3
2026-03-07T21:11:03 update: added Глеб_СамойлоFF_The_MatriXX/2013 - Живые, но мёртвые [Limited Digipack Edition]/12. 1 - 1.mp3
2026-03-07T21:11:03 update: added Глеб_СамойлоFF_The_MatriXX/2013 - Живые, но мёртвые [Limited Digipack Edition]/11. Космический десант.mp3
2026-03-07T21:11:03 update: added Глеб_СамойлоFF_The_MatriXX/2013 - Живые, но мёртвые [Limited Digipack Edition]/07. Грех.mp3
2026-03-07T21:11:03 update: added Глеб_СамойлоFF_The_MatriXX/2013 - Живые, но мёртвые [Limited Digipack Edition]/08. Минус один.mp3
2026-03-07T21:11:03 update: added Глеб_СамойлоFF_The_MatriXX/2013 - Живые, но мёртвые [Limited Digipack Edition]/03. Доброе утро, товарищ Мертвец.mp3
2026-03-07T21:11:03 update: added Глеб_СамойлоFF_The_MatriXX/2013 - Живые, но мёртвые [Limited Digipack Edition]/02. Меня зовут.mp3
2026-03-07T21:11:03 update: added Глеб_СамойлоFF_The_MatriXX/2013 - Живые, но мёртвые [Limited Digipack Edition]/04. Москва - река.mp3
2026-03-07T21:11:03 update: added Глеб_СамойлоFF_The_MatriXX/2013 - Живые, но мёртвые [Limited Digipack Edition]/10. Живые и мёртвые.mp3
2026-03-07T21:11:03 update: added Глеб_СамойлоFF_The_MatriXX/2013 - Живые, но мёртвые [Limited Digipack Edition]/09. Без головы.mp3
2026-03-07T21:11:03 update: added Глеб_СамойлоFF_The_MatriXX/2013 - Живые, но мёртвые [Limited Digipack Edition]/06. Романтика.mp3
2026-03-07T21:11:03 update: added Nirvana/1993 - In Utero/08. Milk It.flac
2026-03-07T21:11:03 update: added Nirvana/1993 - In Utero/10. Radio Friendly Unit Shifter.flac
2026-03-07T21:11:03 update: added Nirvana/1993 - In Utero/13. Gallons Of Rubbing Alcohol Flow Through The Strip.flac
2026-03-07T21:11:03 update: added Nirvana/1993 - In Utero/09. Pennyroyal Tea.flac
2026-03-07T21:11:03 update: added Nirvana/1993 - In Utero/05. Frances Farmer Will Have Her Revenge on Seattle.flac
2026-03-07T21:11:03 update: added Nirvana/1993 - In Utero/04. Rape Me.flac
2026-03-07T21:11:03 update: added Nirvana/1993 - In Utero/01. Serve The Servants.flac
2026-03-07T21:11:03 update: added Nirvana/1993 - In Utero/02. Scentless Apprentice.flac
2026-03-07T21:11:03 update: added Nirvana/1993 - In Utero/03. Heart-Shaped Box.flac
2026-03-07T21:11:03 update: added Nirvana/1993 - In Utero/06. Dumb.flac
2026-03-07T21:11:03 update: added Nirvana/1993 - In Utero/12. All Apologies.flac
2026-03-07T21:11:03 update: added Nirvana/1993 - In Utero/07. Very Ape.flac
2026-03-07T21:11:03 update: added Nirvana/1993 - In Utero/11. Tourette's.flac
2026-03-07T21:11:03 update: added Nirvana/1994 - MTV Unplugged In New York/14. Where Did You Sleep Last Night.flac
2026-03-07T21:11:03 update: added Nirvana/1994 - MTV Unplugged In New York/04. The Man Who Sold The World.flac
2026-03-07T21:11:03 update: added Nirvana/1992 - Incesticide/10. Downer.flac
2026-03-07T21:11:03 update: added Nirvana/1992 - Incesticide/04. Been A Son.flac
2026-03-07T21:11:03 update: added Nirvana/1992 - Incesticide/08. (New Wave) Polly.flac
2026-03-07T21:11:03 update: added Nirvana/1992 - Incesticide/07. Son Of A Gun.flac
2026-03-07T21:11:03 update: added Nirvana/1992 - Incesticide/13. Aero Zepplin.flac
2026-03-07T21:11:03 update: added Nirvana/1992 - Incesticide/02. Sliver.flac
2026-03-07T21:11:03 update: added Nirvana/1992 - Incesticide/14. Big Long Now.flac
2026-03-07T21:11:03 update: added Nirvana/1992 - Incesticide/12. Hairspray Queen.flac
2026-03-07T21:11:03 update: added Nirvana/1992 - Incesticide/09. Beeswax.flac
2026-03-07T21:11:03 update: added Nirvana/1992 - Incesticide/06. Molly's Lips.flac
2026-03-07T21:11:03 update: added Nirvana/1992 - Incesticide/03. Stain.flac
2026-03-07T21:11:03 update: added Nirvana/1992 - Incesticide/01. Dive.flac
2026-03-07T21:11:03 update: added Nirvana/1992 - Incesticide/11. Mexican Seafood.flac
2026-03-07T21:11:03 update: added Nirvana/1992 - Incesticide/15. Aneurysm.flac
2026-03-07T21:11:03 update: added Nirvana/1992 - Incesticide/05. Turnaround.flac
2026-03-07T21:11:03 update: added Nirvana/1991 - Nevermind/10. Stay Away.flac
2026-03-07T21:11:03 update: added Nirvana/1991 - Nevermind/03. Come As You Are.flac
2026-03-07T21:11:03 update: added Nirvana/1991 - Nevermind/05. Lithium.flac
2026-03-07T21:11:03 update: added Nirvana/1991 - Nevermind/11. On A Plain.flac
2026-03-07T21:11:03 update: added Nirvana/1991 - Nevermind/01. Smells Like Teen Spirit.flac
2026-03-07T21:11:03 update: added Nirvana/1991 - Nevermind/07. Territorial Pissings.flac
2026-03-07T21:11:03 update: added Nirvana/1991 - Nevermind/12. Something In The Way.flac
2026-03-07T21:11:03 update: added Nirvana/1991 - Nevermind/09. Lounge Act.flac
2026-03-07T21:11:03 update: added Nirvana/1991 - Nevermind/08. Drain You.flac
2026-03-07T21:11:03 update: added Nirvana/1991 - Nevermind/04. Breed.flac
2026-03-07T21:11:03 update: added Nirvana/1991 - Nevermind/02. In Bloom.flac
2026-03-07T21:11:03 update: added Nirvana/1991 - Nevermind/13. Endless, Nameless.flac
2026-03-07T21:11:03 update: added Nirvana/1991 - Nevermind/06. Polly.flac
2026-03-07T21:11:03 update: added Nirvana/1989 - Bleach/02. Floyd The Barber.flac
2026-03-07T21:11:03 update: added Nirvana/1989 - Bleach/12. Big Cheese.flac
2026-03-07T21:11:03 update: added Nirvana/1989 - Bleach/10. Mr. Moustache.flac
2026-03-07T21:11:03 update: added Nirvana/1989 - Bleach/01. Blew.flac
2026-03-07T21:11:03 update: added Nirvana/1989 - Bleach/06. Paper Cuts.flac
2026-03-07T21:11:03 update: added Nirvana/1989 - Bleach/09. Swap Meet.flac
2026-03-07T21:11:03 update: added Nirvana/1989 - Bleach/08. Scoff.flac
2026-03-07T21:11:03 update: added Nirvana/1989 - Bleach/05. Love Buzz.flac
2026-03-07T21:11:03 update: added Nirvana/1989 - Bleach/04. School.flac
2026-03-07T21:11:03 update: added Nirvana/1989 - Bleach/11. Sifting.flac
2026-03-07T21:11:03 update: added Nirvana/1989 - Bleach/07. Negative Creep.flac
2026-03-07T21:11:03 update: added Nirvana/1989 - Bleach/13. Downer.flac
2026-03-07T21:11:03 update: added Nirvana/1989 - Bleach/03. About A Girl.flac
2026-03-07T21:11:03 update: added Maylynne/Maylynne - Catch Me (The Scene Theme).mp3
2026-03-07T21:11:03 update: added The_Doors/The Doors - 1968 - Waiting For The Sun (50th Anniversary Deluxe Edition) [Hi-Res]/CD1/10. Yes, The River Knows (Remastered).flac
2026-03-07T21:11:03 update: added The_Doors/The Doors - 1968 - Waiting For The Sun (50th Anniversary Deluxe Edition) [Hi-Res]/CD1/03. Not To Touch The Earth (Remastered).flac
2026-03-07T21:11:03 update: added The_Doors/The Doors - 1968 - Waiting For The Sun (50th Anniversary Deluxe Edition) [Hi-Res]/CD1/06. The Unknown Soldier (Remastered).flac
2026-03-07T21:11:03 update: added The_Doors/The Doors - 1968 - Waiting For The Sun (50th Anniversary Deluxe Edition) [Hi-Res]/CD1/09. We Could Be So Good Together (Remastered).flac
2026-03-07T21:11:03 update: added The_Doors/The Doors - 1968 - Waiting For The Sun (50th Anniversary Deluxe Edition) [Hi-Res]/CD1/05. Wintertime Love (Remastered).flac
2026-03-07T21:11:03 update: added The_Doors/The Doors - 1968 - Waiting For The Sun (50th Anniversary Deluxe Edition) [Hi-Res]/CD1/04. Summer's Almost Gone (Remastered).flac
2026-03-07T21:11:03 update: added The_Doors/The Doors - 1968 - Waiting For The Sun (50th Anniversary Deluxe Edition) [Hi-Res]/CD1/08. My Wild Love (Remastered).flac
2026-03-07T21:11:03 update: added The_Doors/The Doors - 1968 - Waiting For The Sun (50th Anniversary Deluxe Edition) [Hi-Res]/CD1/07. Spanish Caravan (Remastered).flac
2026-03-07T21:11:03 update: added The_Doors/The Doors - 1968 - Waiting For The Sun (50th Anniversary Deluxe Edition) [Hi-Res]/CD1/11. Five To One (Remastered).flac
2026-03-07T21:11:03 update: added The_Doors/The Doors - 1968 - Waiting For The Sun (50th Anniversary Deluxe Edition) [Hi-Res]/CD1/01. Hello, I Love You (Remastered).flac
2026-03-07T21:11:03 update: added The_Doors/The Doors - 1968 - Waiting For The Sun (50th Anniversary Deluxe Edition) [Hi-Res]/CD1/02. Love Street (Remastered).flac
2026-03-07T21:11:03 update: added Depeche_mode/Depeche Mode - 1990 - Violator [Deluxe] (16bit-44.1kHz)/09 - Clean.flac
2026-03-07T21:11:03 update: added Depeche_mode/Depeche Mode - 1990 - Violator [Deluxe] (16bit-44.1kHz)/03 - Personal Jesus.flac
2026-03-07T21:11:03 update: added Depeche_mode/Depeche Mode - 1990 - Violator [Deluxe] (16bit-44.1kHz)/14 - Happiest Girl (Jack Mix).flac
2026-03-07T21:11:03 update: added Depeche_mode/Depeche Mode - 1990 - Violator [Deluxe] (16bit-44.1kHz)/08 - Blue Dress.flac
2026-03-07T21:11:03 update: added Depeche_mode/Depeche Mode - 1990 - Violator [Deluxe] (16bit-44.1kHz)/15 - Sea of Sin (Tonal Mix).flac
2026-03-07T21:11:03 update: added Depeche_mode/Depeche Mode - 1990 - Violator [Deluxe] (16bit-44.1kHz)/05 - Waiting for the Night.flac
2026-03-07T21:11:03 update: added Depeche_mode/Depeche Mode - 1990 - Violator [Deluxe] (16bit-44.1kHz)/06 - Enjoy the Silence.flac
2026-03-07T21:11:03 update: added Depeche_mode/Depeche Mode - 1990 - Violator [Deluxe] (16bit-44.1kHz)/13 - Kaleid (7'' Version).flac
2026-03-07T21:11:03 update: added Depeche_mode/Depeche Mode - 1990 - Violator [Deluxe] (16bit-44.1kHz)/01 - World In My Eyes.flac
2026-03-07T21:11:03 update: added Depeche_mode/Depeche Mode - 1990 - Violator [Deluxe] (16bit-44.1kHz)/11 - Memphisto.flac
2026-03-07T21:11:03 update: added Depeche_mode/Depeche Mode - 1990 - Violator [Deluxe] (16bit-44.1kHz)/02 - Sweetest Perfection.flac
2026-03-07T21:11:03 update: added Depeche_mode/Depeche Mode - 1990 - Violator [Deluxe] (16bit-44.1kHz)/12 - Sibeling.flac
2026-03-07T21:11:03 update: added Depeche_mode/Depeche Mode - 1990 - Violator [Deluxe] (16bit-44.1kHz)/07 - Policy of Truth.flac
2026-03-07T21:11:03 update: added Depeche_mode/Depeche Mode - 1990 - Violator [Deluxe] (16bit-44.1kHz)/10 - Dangerous.flac
2026-03-07T21:11:03 update: added Depeche_mode/Depeche Mode - 1990 - Violator [Deluxe] (16bit-44.1kHz)/04 - Halo.flac
2026-03-07T21:11:03 update: added Depeche_mode/Depeche Mode - 1997 - Ultra [Deluxe] (16bit-44.1kHz)/10 - The Bottom Line.flac
2026-03-07T21:11:03 update: added Depeche_mode/Depeche Mode - 1997 - Ultra [Deluxe] (16bit-44.1kHz)/11 - Insight.flac
2026-03-07T21:11:03 update: added Depeche_mode/Depeche Mode - 1997 - Ultra [Deluxe] (16bit-44.1kHz)/19 - Surrender.flac
2026-03-07T21:11:03 update: added Depeche_mode/Depeche Mode - 1997 - Ultra [Deluxe] (16bit-44.1kHz)/18 - Only When I Lose Myself (Single Version).flac
2026-03-07T21:11:03 update: added Depeche_mode/Depeche Mode - 1997 - Ultra [Deluxe] (16bit-44.1kHz)/03 - Home.flac
2026-03-07T21:11:03 update: added Depeche_mode/Depeche Mode - 1997 - Ultra [Deluxe] (16bit-44.1kHz)/08 - Jazz Thieves.flac
2026-03-07T21:11:03 update: added Depeche_mode/Depeche Mode - 1997 - Ultra [Deluxe] (16bit-44.1kHz)/13 - Barrel of a Gun (Live).flac
2026-03-07T21:11:03 update: added Depeche_mode/Depeche Mode - 1997 - Ultra [Deluxe] (16bit-44.1kHz)/20 - Headstar.flac
2026-03-07T21:11:03 update: added Depeche_mode/Depeche Mode - 1997 - Ultra [Deluxe] (16bit-44.1kHz)/01 - Barrel of a Gun.flac
2026-03-07T21:11:03 update: added Depeche_mode/Depeche Mode - 1997 - Ultra [Deluxe] (16bit-44.1kHz)/12 - Junior Painkiller.flac
2026-03-07T21:11:03 update: added Depeche_mode/Depeche Mode - 1997 - Ultra [Deluxe] (16bit-44.1kHz)/09 - Freestate.flac
2026-03-07T21:11:03 update: added Depeche_mode/Depeche Mode - 1997 - Ultra [Deluxe] (16bit-44.1kHz)/14 - It's No Good (Live).flac
2026-03-07T21:11:03 update: added Depeche_mode/Depeche Mode - 1997 - Ultra [Deluxe] (16bit-44.1kHz)/15 - Useless (Live).flac
2026-03-07T21:11:03 update: added Depeche_mode/Depeche Mode - 1997 - Ultra [Deluxe] (16bit-44.1kHz)/16 - Painkiller.flac
2026-03-07T21:11:03 update: added Depeche_mode/Depeche Mode - 1997 - Ultra [Deluxe] (16bit-44.1kHz)/05 - Uselink.flac
2026-03-07T21:11:03 update: added Depeche_mode/Depeche Mode - 1997 - Ultra [Deluxe] (16bit-44.1kHz)/17 - Slowblow.flac
2026-03-07T21:11:03 update: added Depeche_mode/Depeche Mode - 1997 - Ultra [Deluxe] (16bit-44.1kHz)/02 - The Love Thieves.flac
2026-03-07T21:11:03 update: added Depeche_mode/Depeche Mode - 1997 - Ultra [Deluxe] (16bit-44.1kHz)/04 - It's No Good.flac
2026-03-07T21:11:03 update: added Depeche_mode/Depeche Mode - 1997 - Ultra [Deluxe] (16bit-44.1kHz)/07 - Sister of Night.flac
2026-03-07T21:11:03 update: added Depeche_mode/Depeche Mode - 1997 - Ultra [Deluxe] (16bit-44.1kHz)/06 - Useless.flac
2026-03-07T21:11:03 update: added Orphan_Loops/2018 - Ours Samplus - Orphan Loops/09. Softly.mp3
2026-03-07T21:11:03 update: added Orphan_Loops/2018 - Ours Samplus - Orphan Loops/10. Sortie du corps.mp3
2026-03-07T21:11:03 update: added Orphan_Loops/2018 - Ours Samplus - Orphan Loops/06. Family Guts.mp3
2026-03-07T21:11:03 update: added Orphan_Loops/2018 - Ours Samplus - Orphan Loops/01. Alignement planétaire.mp3
2026-03-07T21:11:03 update: added Orphan_Loops/2018 - Ours Samplus - Orphan Loops/05. Minor alpha.mp3
2026-03-07T21:11:03 update: added Orphan_Loops/2018 - Ours Samplus - Orphan Loops/12. Walking Down.mp3
2026-03-07T21:11:03 update: added Orphan_Loops/2018 - Ours Samplus - Orphan Loops/03. Deepin Hill.mp3
2026-03-07T21:11:03 update: added Orphan_Loops/2018 - Ours Samplus - Orphan Loops/02. Blue Bird.mp3
2026-03-07T21:11:03 update: added Orphan_Loops/2018 - Ours Samplus - Orphan Loops/11. Versus.mp3
2026-03-07T21:11:03 update: added Orphan_Loops/2018 - Ours Samplus - Orphan Loops/07. Palindrome.mp3
2026-03-07T21:11:03 update: added Orphan_Loops/2018 - Ours Samplus - Orphan Loops/04. Mad flavour.mp3
2026-03-07T21:11:03 update: added Orphan_Loops/2018 - Ours Samplus - Orphan Loops/08. Sillon binaire.mp3
2026-03-07T21:11:03 update: added Dmitry_Batsuro/dos.mp3
2026-03-07T21:11:03 update: removing Nirvana/1994 - MTV Unplugged In New York/Nirvana - MTV Unplugged In New York.cue/track0013
2026-03-07T21:11:03 update: removing Nirvana/1994 - MTV Unplugged In New York/Nirvana - MTV Unplugged In New York.cue/track0012
2026-03-07T21:11:03 update: removing Nirvana/1994 - MTV Unplugged In New York/Nirvana - MTV Unplugged In New York.cue/track0011
2026-03-07T21:11:03 update: removing Nirvana/1994 - MTV Unplugged In New York/Nirvana - MTV Unplugged In New York.cue/track0010
2026-03-07T21:11:03 update: removing Nirvana/1994 - MTV Unplugged In New York/Nirvana - MTV Unplugged In New York.cue/track0009
2026-03-07T21:11:03 update: removing Nirvana/1994 - MTV Unplugged In New York/Nirvana - MTV Unplugged In New York.cue/track0008
2026-03-07T21:11:03 update: removing Nirvana/1994 - MTV Unplugged In New York/Nirvana - MTV Unplugged In New York.cue/track0007
2026-03-07T21:11:03 update: removing Nirvana/1994 - MTV Unplugged In New York/Nirvana - MTV Unplugged In New York.cue/track0006
2026-03-07T21:11:03 update: removing Nirvana/1994 - MTV Unplugged In New York/Nirvana - MTV Unplugged In New York.cue/track0005
2026-03-07T21:11:03 update: removing Nirvana/1994 - MTV Unplugged In New York/Nirvana - MTV Unplugged In New York.cue/track0003
2026-03-07T21:11:03 update: removing Nirvana/1994 - MTV Unplugged In New York/Nirvana - MTV Unplugged In New York.cue/track0002
2026-03-07T21:11:03 update: removing Nirvana/1994 - MTV Unplugged In New York/Nirvana - MTV Unplugged In New York.cue/track0001
2026-03-08T16:03:27 exception: Failed to open /Users/matt/.mpd/playlists: No such file or directory
2026-03-08T16:06:25 player: played "Dmitry_Batsuro/dos.mp3"
2026-03-08T16:10:42 player: played "Maylynne/Maylynne - Catch Me (The Scene Theme).mp3"
2026-03-08T16:47:01 player: played "Metox/2023-09-29 - Мухоморье/01. Metox - Нельзя Запрещать.mp3"
2026-03-08T16:49:59 player: played "Metox/2023-09-29 - Мухоморье/03. Metox - Мария Шарапова.mp3"
2026-03-08T16:52:45 player: played "Metox/2023-09-29 - Мухоморье/09. Metox - Байки.mp3"
2026-03-08T16:52:46 player: played "Metox/2024-05-03 - Полночь трудного дня/05. Metox - Лишь бы вставило.mp3"
2026-03-08T16:57:03 player: played "Metox/2024-05-03 - Полночь трудного дня/07. Metox - Сталинская высотка.mp3"
2026-03-08T17:01:14 player: played "Metox/2024-11-22  Четыре Языка/02. Metox - Задание.mp3"
2026-03-08T17:04:29 player: played "Metox/2024-11-22  Четыре Языка/03. Metox - Не вините небеса.mp3"
2026-03-08T17:13:52 player: played "Metox/2024-11-22  Четыре Языка/04. Metox - Непрошеный гость.mp3"
2026-03-08T17:16:27 player: played "Metox/2024-11-22  Четыре Языка/05. Metox - Недопарень.mp3"
2026-03-08T17:20:54 player: played "Depeche_mode/Depeche Mode - 1990 - Violator [Deluxe] (16bit-44.1kHz)/01 - World In My Eyes.flac"
2026-03-08T17:25:38 player: played "Depeche_mode/Depeche Mode - 1990 - Violator [Deluxe] (16bit-44.1kHz)/02 - Sweetest Perfection.flac"
2026-03-08T17:30:34 player: played "Depeche_mode/Depeche Mode - 1990 - Violator [Deluxe] (16bit-44.1kHz)/03 - Personal Jesus.flac"
2026-03-10T20:36:34 exception: Failed to open /Users/matt/.mpd/playlists: No such file or directory
2026-03-10T20:36:55 player: played "Depeche_mode/Depeche Mode - 1990 - Violator [Deluxe] (16bit-44.1kHz)/04 - Halo.flac"
2026-03-10T20:38:09 player: played "Metox/2024-11-22  Четыре Языка/19. Metox - Триумф.mp3"
2026-03-10T20:38:11 player: played "Metox/2024-11-22  Четыре Языка/09. Metox - Это Я.mp3"
2026-03-10T20:40:14 player: played "Metox/2024-11-22  Четыре Языка/12. Metox - Счета.mp3"
2026-03-10T20:41:22 player: played "Metox/2024-11-22  Четыре Языка/17. Metox - Залетел в книжный магаз.mp3"
2026-03-10T20:41:25 player: played "Metox/2024-11-22  Четыре Языка/19. Metox - Триумф.mp3"
2026-03-10T20:41:28 player: played "Metox/2024-11-22  Четыре Языка/21. Metox - В любой дыре.mp3"
2026-03-10T20:41:31 player: played "Metox/2024-11-22  Четыре Языка/04. Metox - Непрошеный гость.mp3"
2026-03-10T20:41:46 player: played "Metox/2024-11-22  Четыре Языка/05. Metox - Недопарень.mp3"
2026-03-10T20:42:11 player: played "Metox/2024-11-22  Четыре Языка/06. Metox - Это моё.mp3"
2026-03-10T20:42:36 player: played "Metox/2025-09-12 - Лойко Зобар/13. Metox - Колесо.mp3"
2026-03-10T20:44:56 player: played "Metox/2025-09-12 - Лойко Зобар/10. Metox - Морозный страггл на Руси.mp3"
2026-03-10T20:47:11 player: played "Metox/2025-09-12 - Лойко Зобар/02. Metox - На Контрасте.mp3"
2026-03-10T20:50:47 player: played "Metox/2025-09-12 - Лойко Зобар/11. Metox - Пишущая машина.mp3"
2026-03-10T20:50:53 player: played "Metox/2025-09-12 - Лойко Зобар/12. Metox - Миражи.mp3"
2026-03-16T01:05:33 exception: Failed to open /Users/matt/.mpd/playlists: No such file or directory
2026-03-16T01:05:45 player: played "Metox/2025-09-12 - Лойко Зобар/14. Metox - Вальс Вольнодумия.mp3"
2026-03-16T01:11:44 player: played "Depeche_mode/Depeche Mode - 1997 - Ultra [Deluxe] (16bit-44.1kHz)/04 - It's No Good.flac"
2026-03-16T01:13:07 player: played "Depeche_mode/Depeche Mode - 1997 - Ultra [Deluxe] (16bit-44.1kHz)/16 - Painkiller.flac"
2026-03-16T01:13:17 player: played "Nirvana/1989 - Bleach/Nirvana - Bleach.cue/track0003"
2026-03-16T01:15:59 player: played "Nirvana/1989 - Bleach/Nirvana - Bleach.cue/track0004"
2026-03-16T01:17:04 player: played "Nirvana/1989 - Bleach/Nirvana - Bleach.cue/track0005"
2026-03-16T01:20:02 player: played "The_Doors/The Doors - 1968 - Waiting For The Sun (50th Anniversary Deluxe Edition) [Hi-Res]/CD1/07. Spanish Caravan (Remastered).flac"
2026-03-16T01:22:56 player: played "The_Doors/The Doors - 1968 - Waiting For The Sun (50th Anniversary Deluxe Edition) [Hi-Res]/CD1/08. My Wild Love (Remastered).flac"
2026-03-16T01:23:11 player: played "The_Doors/The Doors - 1968 - Waiting For The Sun (50th Anniversary Deluxe Edition) [Hi-Res]/CD1/09. We Could Be So Good Together (Remastered).flac"
2026-03-16T01:23:18 player: played "Агата_Кристи/2000 - Майн Кайф (2008 Переиздание)/12 - Ветер.mp3"
2026-03-16T01:27:20 player: played "Агата_Кристи/2000 - Майн Кайф (2008 Переиздание)/16 - Красная шапочка (Gothic House Version 2006) (Bonus track).mp3"
2026-03-16T01:33:40 player: played "Depeche_mode/Depeche Mode - 1990 - Violator [Deluxe] (16bit-44.1kHz)/07 - Policy of Truth.flac"
2026-03-16T01:36:18 player: played "Depeche_mode/Depeche Mode - 1990 - Violator [Deluxe] (16bit-44.1kHz)/08 - Blue Dress.flac"
2026-03-16T01:39:39 player: played "DeathbyRomy/Albums/2025 - HOLLYWOOD FOREVER/04. XXXHIBITIONIST.mp3"
2026-03-16T01:39:59 player: played "DeathbyRomy/Albums/2025 - HOLLYWOOD FOREVER/06. CALIFORNIA BABY.mp3"
2026-03-16T01:40:20 player: played "DeathbyRomy/Albums/2025 - HOLLYWOOD FOREVER/07. CALIFORNIA DREAMING INTERLUDE.mp3"
2026-03-16T01:40:41 player: played "DeathbyRomy/Albums/2025 - HOLLYWOOD FOREVER/02. LA LA LAND.mp3"
2026-03-16T01:41:31 player: played "DeathbyRomy/Albums/2018 - Monsters/04 - Alone Again.mp3"
2026-03-16T01:45:34 player: played "Metox/2024-07-26 - кровь из носа, Metox - гуманитарная катастрофа/05. кровь из носа, Metox - маяковский.mp3"
2026-03-16T01:46:45 player: played "Metox/2024-07-26 - кровь из носа, Metox - гуманитарная катастрофа/06. кровь из носа, Metox, Booker - купе.mp3"
2026-03-16T01:46:54 player: played "Агата_Кристи/1997 - Ураган (2008 Переиздание)/01 - Два корабля.mp3"
2026-03-16T01:50:34 player: played "Агата_Кристи/1997 - Ураган (2008 Переиздание)/08 - Звёздное гестапо.mp3"
2026-03-16T02:22:45 player: played "Агата_Кристи/1997 - Ураган (2008 Переиздание)/09 - Аусвайс на небо.mp3"
2026-03-17T22:18:48 exception: Failed to open /Users/matt/.mpd/playlists: No such file or directory
2026-03-17T22:18:58 player: played "Metox/2023-09-29 - Мухоморье/01. Metox - Нельзя Запрещать.mp3"
2026-03-17T22:23:00 exception: Failed to open /Users/matt/.mpd/playlists: No such file or directory
2026-03-17T22:23:17 player: played "Nirvana/1994 - MTV Unplugged In New York/Nirvana - MTV Unplugged In New York.cue/track0004"
2026-03-17T22:27:59 player: played "Nirvana/1994 - MTV Unplugged In New York/Nirvana - MTV Unplugged In New York.cue/track0014"
2026-03-17T22:28:36 player: played "DeathbyRomy/Albums/2021 - Songs For My Funeral/01 - I Feel Like A God.mp3"
2026-03-17T22:28:41 player: played "Depeche_mode/Depeche Mode - 1997 - Ultra [Deluxe] (16bit-44.1kHz)/06 - Useless.flac"
2026-03-17T22:34:39 player: played "Depeche_mode/Depeche Mode - 1997 - Ultra [Deluxe] (16bit-44.1kHz)/04 - It's No Good.flac"
2026-03-17T22:35:33 player: played "Depeche_mode/Depeche Mode - 1997 - Ultra [Deluxe] (16bit-44.1kHz)/05 - Uselink.flac"
2026-03-17T22:35:37 player: played "Агата_Кристи/1990 - Декаданс (2008 Переиздание)/01 - Щекотно.mp3"
2026-03-17T22:40:28 player: played "Агата_Кристи/1990 - Декаданс (2008 Переиздание)/03 - Его там не было.mp3"
2026-03-17T22:43:54 player: played "Агата_Кристи/1990 - Декаданс (2008 Переиздание)/04 - Эпидемия.mp3"
2026-03-17T22:47:22 player: played "Агата_Кристи/1990 - Декаданс (2008 Переиздание)/05 - Беглец.mp3"
2026-03-17T22:50:36 player: played "Агата_Кристи/1990 - Декаданс (2008 Переиздание)/06 - Шпала.mp3"
2026-03-17T22:54:46 player: played "Агата_Кристи/1990 - Декаданс (2008 Переиздание)/07 - Декаданс.mp3"
2026-03-17T22:56:20 player: played "Агата_Кристи/1990 - Декаданс (2008 Переиздание)/08 - Эксперимент.mp3"
2026-03-17T22:56:39 player: played "Агата_Кристи/1990 - Декаданс (2008 Переиздание)/09 - Кошка.mp3"
2026-03-17T22:59:49 player: played "Агата_Кристи/1990 - Декаданс (2008 Переиздание)/02 - Мотоциклетка.mp3"
2026-03-17T23:01:59 player: played "Агата_Кристи/1990 - Декаданс (2008 Переиздание)/03 - Его там не было.mp3"
2026-03-17T23:02:03 player: played "Глеб_СамойлоFF_The_MatriXX/1990 [1995] - Маленький фриц/01. Барон и за рекой.mp3"
2026-03-17T23:05:51 player: played "Глеб_СамойлоFF_The_MatriXX/1990 [1995] - Маленький фриц/02. Но пасаран I.mp3"
2026-03-17T23:08:38 player: played "Глеб_СамойлоFF_The_MatriXX/1990 [1995] - Маленький фриц/01. Барон и за рекой.mp3"
2026-03-17T23:12:26 player: played "Глеб_СамойлоFF_The_MatriXX/1990 [1995] - Маленький фриц/02. Но пасаран I.mp3"
2026-03-17T23:13:44 player: played "Глеб_СамойлоFF_The_MatriXX/1990 [1995] - Маленький фриц/03. Фрау его мечты.mp3"
2026-03-17T23:13:50 player: played "Агата_Кристи/2000 - Майн Кайф (2008 Переиздание)/06 - На дне.mp3"
2026-03-17T23:13:51 player: played "Агата_Кристи/2000 - Майн Кайф (2008 Переиздание)/11 - Месяц.mp3"
2026-03-17T23:13:52 player: played "Агата_Кристи/2000 - Майн Кайф (2008 Переиздание)/12 - Ветер.mp3"
2026-03-17T23:14:00 player: played "Агата_Кристи/2000 - Майн Кайф (2008 Переиздание)/13 - Снайпер.mp3"
2026-03-17T23:16:46 player: played "Агата_Кристи/2000 - Майн Кайф (2008 Переиздание)/05 - Альрауне.mp3"
2026-03-17T23:18:59 player: played "Metox/2024-05-03 - Полночь трудного дня/07. Metox - Сталинская высотка.mp3"
2026-03-17T23:19:12 player: played "Глеб_СамойлоFF_The_MatriXX/Глеб СамойлоFF & The MatriXX - Прекрасное жестоко/02. Такой день.mp3"
2026-03-17T23:19:14 player: played "Глеб_СамойлоFF_The_MatriXX/Глеб СамойлоFF & The MatriXX - Прекрасное жестоко/03. Жить всегда.mp3"
2026-03-17T23:19:23 player: played "Глеб_СамойлоFF_The_MatriXX/Глеб СамойлоFF & The MatriXX - Прекрасное жестоко/04. В открытый рот.mp3"
2026-03-17T23:19:24 player: played "Глеб_СамойлоFF_The_MatriXX/Глеб СамойлоFF & The MatriXX - Прекрасное жестоко/05. Дерьмо.mp3"
2026-03-17T23:19:29 player: played "Глеб_СамойлоFF_The_MatriXX/Глеб СамойлоFF & The MatriXX - Прекрасное жестоко/06. Один из вас.mp3"
2026-03-17T23:19:30 player: played "Глеб_СамойлоFF_The_MatriXX/Глеб СамойлоFF & The MatriXX - Прекрасное жестоко/12. Житель маленького Ада.mp3"
2026-03-17T23:21:26 player: played "Глеб_СамойлоFF_The_MatriXX/Глеб СамойлоFF & The MatriXX - Прекрасное жестоко/13. В дверь стучат.mp3"
2026-03-17T23:21:48 player: played "Глеб_СамойлоFF_The_MatriXX/Глеб СамойлоFF & The MatriXX - Прекрасное жестоко/22. Любить снова.mp3"
2026-03-17T23:21:59 player: played "Глеб_СамойлоFF_The_MatriXX/Глеб СамойлоFF & The MatriXX - Прекрасное жестоко/20. Завтра.mp3"
2026-03-17T23:22:02 player: played "Глеб_СамойлоFF_The_MatriXX/Глеб СамойлоFF & The MatriXX - Прекрасное жестоко/19. Готика.mp3"
2026-03-17T23:22:02 player: played "Глеб_СамойлоFF_The_MatriXX/Глеб СамойлоFF & The MatriXX - Прекрасное жестоко/17. Содомия.mp3"
2026-03-17T23:23:54 player: played "Глеб_СамойлоFF_The_MatriXX/Глеб СамойлоFF & The MatriXX - Прекрасное жестоко/16. Дыра.mp3"
2026-03-17T23:23:55 player: played "Metox/2023-09-29 - Мухоморье/01. Metox - Нельзя Запрещать.mp3"
2026-03-17T23:23:56 player: played "Metox/2023-09-29 - Мухоморье/03. Metox - Мария Шарапова.mp3"
2026-03-17T23:23:56 player: played "Metox/2023-09-29 - Мухоморье/09. Metox - Байки.mp3"
2026-03-17T23:25:40 player: played "Metox/2023-09-29 - Мухоморье/12. Metox - Зарабатывать.mp3"
2026-03-17T23:28:48 player: played "Агата_Кристи/2003 - Избранное. Скаzки (2008 Переиздание) (2 CD)/2002 - Избранное (2008 Переиздание)/15 - Пуля.mp3"
2026-03-17T23:33:20 player: played "Агата_Кристи/2003 - Избранное. Скаzки (2008 Переиздание) (2 CD)/2002 - Избранное (2008 Переиздание)/17 - Детка-конфетка.mp3"
2026-03-17T23:33:41 player: played "Metox/2025-09-12 - Лойко Зобар/06. Metox - Жирные Морды.mp3"
2026-03-17T23:33:42 player: played "Metox/2025-09-12 - Лойко Зобар/05. Metox - Жирные Морды (скит).mp3"
2026-03-17T23:36:41 player: played "Metox/2025-09-12 - Лойко Зобар/06. Metox - Жирные Морды.mp3"
2026-03-17T23:36:49 player: played "Metox/2025-09-12 - Лойко Зобар/07. Metox - История России.mp3"
2026-03-17T23:36:50 player: played "Metox/2025-09-12 - Лойко Зобар/07. Metox - История России.mp3"
2026-03-17T23:36:59 player: played "Metox/2025-09-12 - Лойко Зобар/08. Metox - Ока и Волга.mp3"
2026-03-17T23:40:03 player: played "Metox/2025-09-12 - Лойко Зобар/14. Metox - Вальс Вольнодумия.mp3"
2026-03-17T23:40:13 player: played "Metox/2025-09-12 - Лойко Зобар/15. Metox - Привяжет чем-то (скит).mp3"
2026-03-17T23:40:14 player: played "Metox/2025-09-12 - Лойко Зобар/15. Metox - Привяжет чем-то (скит).mp3"
2026-03-17T23:40:17 player: played "Metox/2025-09-12 - Лойко Зобар/16. Metox - Поплыл.mp3"
2026-03-17T23:42:41 player: played "Metox/2025-09-12 - Лойко Зобар/10. Metox - Морозный страггл на Руси.mp3"
2026-03-17T23:46:17 player: played "Metox/2025-09-12 - Лойко Зобар/11. Metox - Пишущая машина.mp3"
2026-03-17T23:46:24 player: played "Metox/2025-09-12 - Лойко Зобар/12. Metox - Миражи.mp3"
2026-03-17T23:50:33 player: played "Metox/2024-07-26 - кровь из носа, Metox - гуманитарная катастрофа/05. кровь из носа, Metox - маяковский.mp3"
2026-03-17T23:53:05 player: played "Metox/2024-07-26 - кровь из носа, Metox - гуманитарная катастрофа/08. кровь из носа, Metox - зубы.mp3"
2026-03-17T23:57:54 player: played "Metox/2024-07-26 - кровь из носа, Metox - гуманитарная катастрофа/09. кровь из носа, Metox - песня военных лет.mp3"
2026-03-18T00:00:53 player: played "Metox/2024-07-26 - кровь из носа, Metox - гуманитарная катастрофа/10. кровь из носа, Metox - скандинавская тюрьма.mp3"
2026-03-18T00:04:05 player: played "Metox/2024-07-26 - кровь из носа, Metox - гуманитарная катастрофа/03. кровь из носа, Metox - салат.mp3"
2026-03-18T00:08:24 player: played "Metox/2024-07-26 - кровь из носа, Metox - гуманитарная катастрофа/04. кровь из носа, Metox, Паша Техник - нхл ледибой.mp3"
2026-03-18T00:08:32 player: played "Metox/2024-07-26 - кровь из носа, Metox - гуманитарная катастрофа/05. кровь из носа, Metox - маяковский.mp3"
2026-03-18T00:13:10 player: played "Metox/2024-07-26 - кровь из носа, Metox - гуманитарная катастрофа/06. кровь из носа, Metox, Booker - купе.mp3"
2026-03-18T00:16:25 player: played "Metox/2024-07-26 - кровь из носа, Metox - гуманитарная катастрофа/07. кровь из носа, Metox - вантаблэк мандэй.mp3"
2026-03-18T00:16:25 player: played "Metox/2024-07-26 - кровь из носа, Metox - гуманитарная катастрофа/08. кровь из носа, Metox - зубы.mp3"
2026-03-18T00:18:08 player: played "Metox/2024-07-26 - кровь из носа, Metox - гуманитарная катастрофа/03. кровь из носа, Metox - салат.mp3"
2026-03-18T00:18:17 player: played "Metox/2024-07-26 - кровь из носа, Metox - гуманитарная катастрофа/10. кровь из носа, Metox - скандинавская тюрьма.mp3"
2026-03-18T00:18:32 player: played "Metox/2024-07-26 - кровь из носа, Metox - гуманитарная катастрофа/08. кровь из носа, Metox - зубы.mp3"
2026-03-18T00:18:50 player: played "Metox/2024-07-26 - кровь из носа, Metox - гуманитарная катастрофа/09. кровь из носа, Metox - песня военных лет.mp3"
2026-03-18T00:18:52 player: played "Metox/2024-07-26 - кровь из носа, Metox - гуманитарная катастрофа/05. кровь из носа, Metox - маяковский.mp3"
2026-03-18T00:18:53 player: played "Metox/2024-07-26 - кровь из носа, Metox - гуманитарная катастрофа/03. кровь из носа, Metox - салат.mp3"
2026-03-18T00:21:41 player: played "Metox/2024-07-26 - кровь из носа, Metox - гуманитарная катастрофа/02. кровь из носа, Metox, Кажэ Обойма - криминал-не криминал.mp3"
2026-03-18T00:21:42 player: played "Metox/2024-07-26 - кровь из носа, Metox - гуманитарная катастрофа/05. кровь из носа, Metox - маяковский.mp3"
2026-03-18T00:21:43 player: played "Metox/2024-07-26 - кровь из носа, Metox - гуманитарная катастрофа/06. кровь из носа, Metox, Booker - купе.mp3"
2026-03-18T00:21:46 player: played "Metox/2024-07-26 - кровь из носа, Metox - гуманитарная катастрофа/07. кровь из носа, Metox - вантаблэк мандэй.mp3"
2026-03-18T00:21:47 player: played "Metox/2024-07-26 - кровь из носа, Metox - гуманитарная катастрофа/08. кровь из носа, Metox - зубы.mp3"
2026-03-18T00:21:55 player: played "Metox/2024-07-26 - кровь из носа, Metox - гуманитарная катастрофа/09. кровь из носа, Metox - песня военных лет.mp3"
2026-03-18T00:22:14 player: played "Глеб_СамойлоFF_The_MatriXX/2017 - Субкоманданте/01. Субкоманданте.mp3"
2026-03-18T00:23:25 player: played "Глеб_СамойлоFF_The_MatriXX/2017 - Здравствуй [Limited Digipack Edition]/13. Guten Morgen.mp3"
2026-03-18T00:25:49 player: played "Глеб_СамойлоFF_The_MatriXX/2017 - Здравствуй [Limited Digipack Edition]/11. С.Н..mp3"
2026-03-18T00:26:18 player: played "Глеб_СамойлоFF_The_MatriXX/2017 - Здравствуй [Limited Digipack Edition]/06. Чума и праздник.mp3"
2026-03-18T00:28:23 player: played "Глеб_СамойлоFF_The_MatriXX/2017 - Здравствуй [Limited Digipack Edition]/05. Умереть за любовь.mp3"
2026-03-18T00:29:43 player: played "Глеб_СамойлоFF_The_MatriXX/2011 - Треш [Limited Digipack Edition]/CD - Треш/16. Делайте бомбы.mp3"
2026-03-18T00:31:12 player: played "Глеб_СамойлоFF_The_MatriXX/2011 - Треш [Limited Digipack Edition]/CD - Треш/13. Детство моё.mp3"
2026-03-18T00:33:07 player: played "Глеб_СамойлоFF_The_MatriXX/2011 - Треш [Limited Digipack Edition]/CD - Треш/14. С чекою в зубах.mp3"
2026-03-18T00:33:33 player: played "Глеб_СамойлоFF_The_MatriXX/2011 - Треш [Limited Digipack Edition]/CD - Треш/12. Спасибо.mp3"
2026-03-18T00:34:48 player: played "Глеб_СамойлоFF_The_MatriXX/2011 - Треш [Limited Digipack Edition]/CD - Треш/06. Задыхающийся.mp3"
2026-03-18T00:35:32 player: played "Глеб_СамойлоFF_The_MatriXX/2011 - Треш [Limited Digipack Edition]/CD - Треш/02. Космос.mp3"
2026-03-18T00:37:12 player: played "Глеб_СамойлоFF_The_MatriXX/2011 - Треш [Limited Digipack Edition]/CD - Треш/01. Рай.mp3"
2026-03-18T00:37:18 player: played "Глеб_СамойлоFF_The_MatriXX/2015 - Резня в Асбесте [Limited Digipack Edition]/02. Инцептионус.mp3"
2026-03-18T00:37:23 player: played "Глеб_СамойлоFF_The_MatriXX/2015 - Резня в Асбесте [Limited Digipack Edition]/15. Дохлое мясо.mp3"
2026-03-18T00:37:32 player: played "Глеб_СамойлоFF_The_MatriXX/2015 - Резня в Асбесте [Limited Digipack Edition]/24. Эвтаназия.mp3"
2026-03-18T00:37:34 player: played "Глеб_СамойлоFF_The_MatriXX/2015 - Резня в Асбесте [Limited Digipack Edition]/23. Реквием по Асбесту.mp3"
2026-03-18T00:37:36 player: played "Глеб_СамойлоFF_The_MatriXX/2015 - Резня в Асбесте [Limited Digipack Edition]/22. Темно.mp3"
2026-03-18T00:37:40 player: played "Глеб_СамойлоFF_The_MatriXX/2015 - Резня в Асбесте [Limited Digipack Edition]/21. Что будет завтра.mp3"
2026-03-18T00:37:44 player: played "Глеб_СамойлоFF_The_MatriXX/2015 - Резня в Асбесте [Limited Digipack Edition]/18. Танцуй.mp3"
2026-03-18T00:37:50 player: played "Глеб_СамойлоFF_The_MatriXX/2015 - Резня в Асбесте [Limited Digipack Edition]/15. Дохлое мясо.mp3"
2026-03-18T00:38:34 player: played "Глеб_СамойлоFF_The_MatriXX/2015 - Резня в Асбесте [Limited Digipack Edition]/13. Забери меня.mp3"
2026-03-18T00:39:04 player: played "Глеб_СамойлоFF_The_MatriXX/2015 - Резня в Асбесте [Limited Digipack Edition]/10. Твой дьявол.mp3"
2026-03-18T00:39:16 player: played "Глеб_СамойлоFF_The_MatriXX/2015 - Резня в Асбесте [Limited Digipack Edition]/05. Улетел.mp3"
2026-03-18T00:39:36 player: played "Агата_Кристи/1992 - Позорная звезда (2008 Переиздание)/03 - Сирота.mp3"
2026-03-18T00:40:30 player: played "Агата_Кристи/1998 - Чудеса (2008 Переиздание)/06 - Серый траур.mp3"
2026-03-18T00:40:34 player: played "Metox/2024-11-22  Четыре Языка/01. Metox - Четвёртый Язык.mp3"
2026-03-18T00:43:30 player: played "Metox/2024-11-22  Четыре Языка/03. Metox - Не вините небеса.mp3"
2026-03-18T00:44:41 player: played "Агата_Кристи/2004 - Триллер. Часть 1 (2008 Переиздание)/12 - Весёлый мир.mp3"
2026-03-18T00:44:42 player: played "Агата_Кристи/2000 - Майн Кайф (2008 Переиздание)/12 - Ветер.mp3"
2026-03-18T00:44:45 player: played "Агата_Кристи/2000 - Майн Кайф (2008 Переиздание)/13 - Снайпер.mp3"
2026-03-18T00:44:45 player: played "Агата_Кристи/2000 - Майн Кайф (2008 Переиздание)/14 - Эпилог. На краю.mp3"
2026-03-18T00:46:44 player: played "Агата_Кристи/2000 - Майн Кайф (2008 Переиздание)/14 - Эпилог. На краю.mp3"
2026-03-18T00:49:20 player: played "Агата_Кристи/2000 - Майн Кайф (2008 Переиздание)/12 - Ветер.mp3"
2026-03-18T00:50:41 player: played "Агата_Кристи/2000 - Майн Кайф (2008 Переиздание)/08 - Ein Zwei Drei Waltz.mp3"
2026-03-18T00:51:28 player: played "Агата_Кристи/1989 - Коварство и любовь (2008 Переиздание)/07 - Собачье сердце.mp3"
2026-03-18T00:54:09 player: played "Агата_Кристи/1989 - Коварство и любовь (2008 Переиздание)/10 - Холодная любовь.mp3"
2026-03-18T00:57:52 player: played "Агата_Кристи/1989 - Коварство и любовь (2008 Переиздание)/11 - Пантера.mp3"
2026-03-18T00:59:52 player: played "Агата_Кристи/1989 - Коварство и любовь (2008 Переиздание)/12 - Кондуктор.mp3"
2026-03-18T01:00:20 player: played "Агата_Кристи/1989 - Коварство и любовь (2008 Переиздание)/13 - Viva!.mp3"
2026-03-18T01:00:26 player: played "Агата_Кристи/1989 - Коварство и любовь (2008 Переиздание)/14 - Бесса мэ...mp3"
2026-03-18T23:39:58 exception: Failed to open /Users/matt/.mpd/playlists: No such file or directory
2026-03-18T23:40:00 exception: Failed to open /Users/matt/.mpd/playlists: No such file or directory
2026-03-18T23:40:11 player: played "Глеб_СамойлоFF_The_MatriXX/2013 - Живые, но мёртвые [Limited Digipack Edition]/05. Новогоднее обращение.mp3"
2026-03-18T23:45:19 player: played "Агата_Кристи/1998 - Два кораblya (Remixed 2) (2008 Переиздание)/01 - Два корабля (Proforvater Eclectica Mix).mp3"
2026-03-18T23:48:14 player: played "Агата_Кристи/1998 - Два кораblya (Remixed 2) (2008 Переиздание)/03 - Грязь (I Love Frank Farrian Eclectica Mix).mp3"
2026-03-18T23:48:41 player: played "Агата_Кристи/1998 - Два кораblya (Remixed 2) (2008 Переиздание)/04 - Извращение (Sixth Of October Eclectica Mix).mp3"
2026-03-18T23:48:42 player: played "Агата_Кристи/1998 - Два кораblya (Remixed 2) (2008 Переиздание)/05 - Легион (Knocking Heads Eclectica Mix).mp3"
2026-03-18T23:50:52 player: played "Агата_Кристи/1998 - Два кораblya (Remixed 2) (2008 Переиздание)/06 - Корвет уходит в небеса (Crazy Tale Eclectica Mix).mp3"
2026-03-18T23:53:03 player: played "Агата_Кристи/1998 - Два кораblya (Remixed 2) (2008 Переиздание)/09 - Ураган (Gleb's Personal Eclectica Mix).mp3"
2026-03-18T23:54:00 player: played "Агата_Кристи/1997 - Ураган (2008 Переиздание)/02 - Ураган.mp3"
2026-03-18T23:58:17 player: played "Агата_Кристи/1997 - Ураган (2008 Переиздание)/12 - Корвет уходит в небеса.mp3"
2026-03-18T23:59:06 player: played "Агата_Кристи/1997 - Ураган (2008 Переиздание)/10 - Извращение.mp3"
2026-03-18T23:59:22 player: played "Агата_Кристи/1997 - Ураган (2008 Переиздание)/08 - Звёздное гестапо.mp3"
2026-03-18T23:59:28 player: played "Metox/2024-11-22  Четыре Языка/10. Metox - Торговля это плохо.mp3"
2026-03-19T00:01:31 player: played "Глеб_СамойлоFF_The_MatriXX/1990 [1995] - Маленький фриц/07. Командир.mp3"
2026-03-19T00:01:36 player: played "Metox/2024-07-26 - кровь из носа, Metox - гуманитарная катастрофа/03. кровь из носа, Metox - салат.mp3"
2026-03-19T00:05:39 player: played "Metox/2024-07-26 - кровь из носа, Metox - гуманитарная катастрофа/05. кровь из носа, Metox - маяковский.mp3"
2026-03-19T00:48:20 player: played "Metox/2024-07-26 - кровь из носа, Metox - гуманитарная катастрофа/06. кровь из носа, Metox, Booker - купе.mp3"
2026-03-19T00:50:27 player: played "Metox/2024-07-26 - кровь из носа, Metox - гуманитарная катастрофа/07. кровь из носа, Metox - вантаблэк мандэй.mp3"
2026-03-19T00:53:05 player: played "Metox/2024-07-26 - кровь из носа, Metox - гуманитарная катастрофа/08. кровь из носа, Metox - зубы.mp3"
